<?xml version="1.0" encoding="UTF-8"?>
<testsuite name="com.bank.account.controller.HomeControllerTest" tests="4" skipped="0" failures="0" errors="0" timestamp="2022-11-26T13:12:07" hostname="peter-B250-FinTech" time="4.52">
  <properties/>
  <testcase name="getCustomerTransactions()" classname="com.bank.account.controller.HomeControllerTest" time="1.494"/>
  <testcase name="createAccount()" classname="com.bank.account.controller.HomeControllerTest" time="0.937"/>
  <testcase name="getHomeWithCurrency()" classname="com.bank.account.controller.HomeControllerTest" time="0.867"/>
  <testcase name="realiseTransaction()" classname="com.bank.account.controller.HomeControllerTest" time="1.219"/>
  <system-out><![CDATA[2022-11-26 14:12:06.487  INFO 31660 --- [    Test worker] .b.t.c.SpringBootTestContextBootstrapper : Neither @ContextConfiguration nor @ContextHierarchy found for test class [com.bank.account.controller.HomeControllerTest], using SpringBootContextLoader
2022-11-26 14:12:06.487  INFO 31660 --- [    Test worker] o.s.t.c.support.AbstractContextLoader    : Could not detect default resource locations for test class [com.bank.account.controller.HomeControllerTest]: no resource found for suffixes {-context.xml, Context.groovy}.
2022-11-26 14:12:06.487  INFO 31660 --- [    Test worker] t.c.s.AnnotationConfigContextLoaderUtils : Could not detect default configuration classes for test class [com.bank.account.controller.HomeControllerTest]: HomeControllerTest does not declare any static, non-private, non-final, nested classes annotated with @Configuration.
2022-11-26 14:12:06.498  INFO 31660 --- [    Test worker] .b.t.c.SpringBootTestContextBootstrapper : Found @SpringBootConfiguration com.bank.account.BankApplication for test class com.bank.account.controller.HomeControllerTest
2022-11-26 14:12:06.499  INFO 31660 --- [    Test worker] .b.t.c.SpringBootTestContextBootstrapper : Loaded default TestExecutionListener class names from location [META-INF/spring.factories]: [org.springframework.security.test.context.support.WithSecurityContextTestExecutionListener, org.springframework.security.test.context.support.ReactorContextTestExecutionListener, org.springframework.boot.test.autoconfigure.restdocs.RestDocsTestExecutionListener, org.springframework.boot.test.autoconfigure.web.client.MockRestServiceServerResetTestExecutionListener, org.springframework.boot.test.autoconfigure.web.servlet.MockMvcPrintOnlyOnFailureTestExecutionListener, org.springframework.boot.test.autoconfigure.web.servlet.WebDriverTestExecutionListener, org.springframework.boot.test.autoconfigure.webservices.client.MockWebServiceServerTestExecutionListener, org.springframework.boot.test.mock.mockito.MockitoTestExecutionListener, org.springframework.boot.test.mock.mockito.ResetMocksTestExecutionListener, org.springframework.test.context.web.ServletTestExecutionListener, org.springframework.test.context.support.DirtiesContextBeforeModesTestExecutionListener, org.springframework.test.context.event.ApplicationEventsTestExecutionListener, org.springframework.test.context.support.DependencyInjectionTestExecutionListener, org.springframework.test.context.support.DirtiesContextTestExecutionListener, org.springframework.test.context.transaction.TransactionalTestExecutionListener, org.springframework.test.context.jdbc.SqlScriptsTestExecutionListener, org.springframework.test.context.event.EventPublishingTestExecutionListener]
2022-11-26 14:12:06.500  INFO 31660 --- [    Test worker] .b.t.c.SpringBootTestContextBootstrapper : Using TestExecutionListeners: [org.springframework.test.context.web.ServletTestExecutionListener@31b35162, org.springframework.test.context.support.DirtiesContextBeforeModesTestExecutionListener@4ed6c9c9, org.springframework.test.context.event.ApplicationEventsTestExecutionListener@bc537fe, org.springframework.boot.test.mock.mockito.MockitoTestExecutionListener@7a09f358, org.springframework.boot.test.autoconfigure.SpringBootDependencyInjectionTestExecutionListener@511a853a, org.springframework.test.context.support.DirtiesContextTestExecutionListener@297a9651, org.springframework.test.context.transaction.TransactionalTestExecutionListener@b223e47, org.springframework.test.context.jdbc.SqlScriptsTestExecutionListener@3e848f48, org.springframework.security.test.context.support.WithSecurityContextTestExecutionListener@3b32fef7, org.springframework.test.context.event.EventPublishingTestExecutionListener@46872fde, org.springframework.security.test.context.support.ReactorContextTestExecutionListener@5ccdf14f, org.springframework.boot.test.autoconfigure.restdocs.RestDocsTestExecutionListener@46a9db51, org.springframework.boot.test.autoconfigure.web.client.MockRestServiceServerResetTestExecutionListener@6ac05035, org.springframework.boot.test.autoconfigure.web.servlet.MockMvcPrintOnlyOnFailureTestExecutionListener@15466b6c, org.springframework.boot.test.autoconfigure.web.servlet.WebDriverTestExecutionListener@26b2b702, org.springframework.boot.test.autoconfigure.webservices.client.MockWebServiceServerTestExecutionListener@2ec993d6, org.springframework.boot.test.mock.mockito.ResetMocksTestExecutionListener@46602fc2]

  .   ____          _            __ _ _
 /\\ / ___'_ __ _ _(_)_ __  __ _ \ \ \ \
( ( )\___ | '_ | '_| | '_ \/ _` | \ \ \ \
 \\/  ___)| |_)| | | | | || (_| |  ) ) ) )
  '  |____| .__|_| |_|_| |_\__, | / / / /
 =========|_|==============|___/=/_/_/_/
 :: Spring Boot ::                (v2.7.4)

2022-11-26 14:12:06.527  INFO 31660 --- [    Test worker] c.b.a.controller.HomeControllerTest      : Starting HomeControllerTest using Java 16.0.2 on peter-B250-FinTech with PID 31660 (started by peter in /home/peter/Documents/bank_account_project)
2022-11-26 14:12:06.527  INFO 31660 --- [    Test worker] c.b.a.controller.HomeControllerTest      : No active profile set, falling back to 1 default profile: "default"
2022-11-26 14:12:06.714  INFO 31660 --- [    Test worker] .s.d.r.c.RepositoryConfigurationDelegate : Bootstrapping Spring Data JPA repositories in DEFAULT mode.
2022-11-26 14:12:06.728  INFO 31660 --- [    Test worker] .s.d.r.c.RepositoryConfigurationDelegate : Finished Spring Data repository scanning in 13 ms. Found 5 JPA repository interfaces.
2022-11-26 14:12:06.923  INFO 31660 --- [    Test worker] com.zaxxer.hikari.HikariDataSource       : HikariPool-2 - Starting...
2022-11-26 14:12:06.925  INFO 31660 --- [    Test worker] com.zaxxer.hikari.HikariDataSource       : HikariPool-2 - Start completed.
2022-11-26 14:12:06.925  INFO 31660 --- [    Test worker] o.f.c.i.database.base.BaseDatabaseType   : Database: jdbc:h2:mem:web (H2 2.1)
2022-11-26 14:12:06.931  INFO 31660 --- [    Test worker] o.f.core.internal.command.DbClean        : Successfully dropped pre-schema database level objects (execution time 00:00.000s)
2022-11-26 14:12:06.941  INFO 31660 --- [    Test worker] o.f.core.internal.command.DbClean        : Successfully cleaned schema "PUBLIC" (execution time 00:00.008s)
2022-11-26 14:12:06.942  INFO 31660 --- [    Test worker] o.f.core.internal.command.DbClean        : Successfully cleaned schema "PUBLIC" (execution time 00:00.001s)
2022-11-26 14:12:06.943  INFO 31660 --- [    Test worker] o.f.core.internal.command.DbClean        : Successfully dropped post-schema database level objects (execution time 00:00.000s)
2022-11-26 14:12:06.949  INFO 31660 --- [    Test worker] o.f.c.i.s.JdbcTableSchemaHistory         : Repair of failed migration in Schema History table "PUBLIC"."flyway_schema_history" not necessary as table doesn't exist.
2022-11-26 14:12:06.953  INFO 31660 --- [    Test worker] o.f.core.internal.command.DbRepair       : Successfully repaired schema history table "PUBLIC"."flyway_schema_history" (execution time 00:00.004s).
2022-11-26 14:12:06.962  INFO 31660 --- [    Test worker] o.f.core.internal.command.DbValidate     : Successfully validated 8 migrations (execution time 00:00.003s)
2022-11-26 14:12:06.964  INFO 31660 --- [    Test worker] o.f.c.i.s.JdbcTableSchemaHistory         : Creating Schema History table "PUBLIC"."flyway_schema_history" ...
2022-11-26 14:12:06.969  INFO 31660 --- [    Test worker] o.f.core.internal.command.DbMigrate      : Current version of schema "PUBLIC": << Empty Schema >>
2022-11-26 14:12:06.972  INFO 31660 --- [    Test worker] o.f.core.internal.command.DbMigrate      : Migrating schema "PUBLIC" to version "0 - create table accounts"
2022-11-26 14:12:06.978  INFO 31660 --- [    Test worker] o.f.core.internal.command.DbMigrate      : Migrating schema "PUBLIC" to version "1 - create table customers"
2022-11-26 14:12:06.985  INFO 31660 --- [    Test worker] o.f.core.internal.command.DbMigrate      : Migrating schema "PUBLIC" to version "2 - create table cusromers roles"
2022-11-26 14:12:06.990  INFO 31660 --- [    Test worker] o.f.core.internal.command.DbMigrate      : Migrating schema "PUBLIC" to version "3 - create table role"
2022-11-26 14:12:06.996  INFO 31660 --- [    Test worker] o.f.core.internal.command.DbMigrate      : Migrating schema "PUBLIC" to version "4 - create table transactions"
2022-11-26 14:12:07.002  INFO 31660 --- [    Test worker] o.f.core.internal.command.DbMigrate      : Migrating schema "PUBLIC" to version "5 - insert into role table"
2022-11-26 14:12:07.008  INFO 31660 --- [    Test worker] o.f.core.internal.command.DbMigrate      : Migrating schema "PUBLIC" to version "6 - create table tokens"
2022-11-26 14:12:07.013  INFO 31660 --- [    Test worker] o.f.core.internal.command.DbMigrate      : Migrating schema "PUBLIC" to version "7 - create table customers transactions"
2022-11-26 14:12:07.018  INFO 31660 --- [    Test worker] o.f.core.internal.command.DbMigrate      : Successfully applied 8 migrations to schema "PUBLIC", now at version v7 (execution time 00:00.049s)
2022-11-26 14:12:07.054  INFO 31660 --- [    Test worker] o.hibernate.jpa.internal.util.LogHelper  : HHH000204: Processing PersistenceUnitInfo [name: default]
2022-11-26 14:12:07.058  INFO 31660 --- [    Test worker] org.hibernate.dialect.Dialect            : HHH000400: Using dialect: org.hibernate.dialect.H2Dialect
2022-11-26 14:12:07.144  INFO 31660 --- [    Test worker] o.h.e.t.j.p.i.JtaPlatformInitiator       : HHH000490: Using JtaPlatform implementation: [org.hibernate.engine.transaction.jta.platform.internal.NoJtaPlatform]
2022-11-26 14:12:07.145  INFO 31660 --- [    Test worker] j.LocalContainerEntityManagerFactoryBean : Initialized JPA EntityManagerFactory for persistence unit 'default'
2022-11-26 14:12:07.326  INFO 31660 --- [    Test worker] o.s.s.web.DefaultSecurityFilterChain     : Will secure any request with [org.springframework.security.web.session.DisableEncodeUrlFilter@f0c3808, org.springframework.security.web.context.request.async.WebAsyncManagerIntegrationFilter@42ab759a, org.springframework.security.web.context.SecurityContextPersistenceFilter@69f8cec8, org.springframework.security.web.header.HeaderWriterFilter@4d9c8fdd, org.springframework.security.web.authentication.logout.LogoutFilter@371ca1a9, com.bank.account.security.CustomAuthorizationFilter@377425d5, org.springframework.security.web.savedrequest.RequestCacheAwareFilter@24539f75, org.springframework.security.web.servletapi.SecurityContextHolderAwareRequestFilter@d981e45, org.springframework.security.web.authentication.AnonymousAuthenticationFilter@65b7db7b, org.springframework.security.web.session.SessionManagementFilter@711c8583, org.springframework.security.web.access.ExceptionTranslationFilter@76377a38]
2022-11-26 14:12:07.330  WARN 31660 --- [    Test worker] o.s.s.c.a.web.builders.WebSecurity       : You are asking Spring Security to ignore Ant [pattern='/api/login/**']. This is not recommended -- please use permitAll via HttpSecurity#authorizeHttpRequests instead.
2022-11-26 14:12:07.330  INFO 31660 --- [    Test worker] o.s.s.web.DefaultSecurityFilterChain     : Will not secure Ant [pattern='/api/login/**']
2022-11-26 14:12:07.330  WARN 31660 --- [    Test worker] o.s.s.c.a.web.builders.WebSecurity       : You are asking Spring Security to ignore Ant [pattern='/api/register/**']. This is not recommended -- please use permitAll via HttpSecurity#authorizeHttpRequests instead.
2022-11-26 14:12:07.330  INFO 31660 --- [    Test worker] o.s.s.web.DefaultSecurityFilterChain     : Will not secure Ant [pattern='/api/register/**']
2022-11-26 14:12:07.330  WARN 31660 --- [    Test worker] o.s.s.c.a.web.builders.WebSecurity       : You are asking Spring Security to ignore Ant [pattern='/api/information/**']. This is not recommended -- please use permitAll via HttpSecurity#authorizeHttpRequests instead.
2022-11-26 14:12:07.331  INFO 31660 --- [    Test worker] o.s.s.web.DefaultSecurityFilterChain     : Will not secure Ant [pattern='/api/information/**']
2022-11-26 14:12:07.331  WARN 31660 --- [    Test worker] o.s.s.c.a.web.builders.WebSecurity       : You are asking Spring Security to ignore Ant [pattern='/api/verification/**']. This is not recommended -- please use permitAll via HttpSecurity#authorizeHttpRequests instead.
2022-11-26 14:12:07.331  INFO 31660 --- [    Test worker] o.s.s.web.DefaultSecurityFilterChain     : Will not secure Ant [pattern='/api/verification/**']
2022-11-26 14:12:07.331  WARN 31660 --- [    Test worker] o.s.s.c.a.web.builders.WebSecurity       : You are asking Spring Security to ignore Ant [pattern='/resources/**']. This is not recommended -- please use permitAll via HttpSecurity#authorizeHttpRequests instead.
2022-11-26 14:12:07.331  INFO 31660 --- [    Test worker] o.s.s.web.DefaultSecurityFilterChain     : Will not secure Ant [pattern='/resources/**']
2022-11-26 14:12:07.331  WARN 31660 --- [    Test worker] o.s.s.c.a.web.builders.WebSecurity       : You are asking Spring Security to ignore Ant [pattern='/*']. This is not recommended -- please use permitAll via HttpSecurity#authorizeHttpRequests instead.
2022-11-26 14:12:07.331  INFO 31660 --- [    Test worker] o.s.s.web.DefaultSecurityFilterChain     : Will not secure Ant [pattern='/*']
2022-11-26 14:12:07.392  WARN 31660 --- [    Test worker] JpaBaseConfiguration$JpaWebConfiguration : spring.jpa.open-in-view is enabled by default. Therefore, database queries may be performed during view rendering. Explicitly configure spring.jpa.open-in-view to disable this warning
2022-11-26 14:12:07.456  INFO 31660 --- [    Test worker] o.s.b.a.h2.H2ConsoleAutoConfiguration    : H2 console available at '/h2-console'. Database available at 'jdbc:h2:mem:web'
2022-11-26 14:12:07.666  INFO 31660 --- [    Test worker] o.s.b.t.m.w.SpringBootMockServletContext : Initializing Spring TestDispatcherServlet ''
2022-11-26 14:12:07.666  INFO 31660 --- [    Test worker] o.s.t.web.servlet.TestDispatcherServlet  : Initializing Servlet ''
2022-11-26 14:12:07.667  INFO 31660 --- [    Test worker] o.s.t.web.servlet.TestDispatcherServlet  : Completed initialization in 1 ms
2022-11-26 14:12:07.675  INFO 31660 --- [    Test worker] c.b.a.controller.HomeControllerTest      : Started HomeControllerTest in 1.173 seconds (JVM running for 8.166)
2022-11-26 14:12:07.684  INFO 31660 --- [    Test worker] j.LocalContainerEntityManagerFactoryBean : Closing JPA EntityManagerFactory for persistence unit 'default'
2022-11-26 14:12:07.685  INFO 31660 --- [    Test worker] com.zaxxer.hikari.HikariDataSource       : HikariPool-2 - Shutdown initiated...
2022-11-26 14:12:07.687  INFO 31660 --- [    Test worker] com.zaxxer.hikari.HikariDataSource       : HikariPool-2 - Shutdown completed.

  .   ____          _            __ _ _
 /\\ / ___'_ __ _ _(_)_ __  __ _ \ \ \ \
( ( )\___ | '_ | '_| | '_ \/ _` | \ \ \ \
 \\/  ___)| |_)| | | | | || (_| |  ) ) ) )
  '  |____| .__|_| |_|_| |_\__, | / / / /
 =========|_|==============|___/=/_/_/_/
 :: Spring Boot ::                (v2.7.4)

2022-11-26 14:12:07.706  INFO 31660 --- [    Test worker] c.b.a.controller.HomeControllerTest      : Starting HomeControllerTest using Java 16.0.2 on peter-B250-FinTech with PID 31660 (started by peter in /home/peter/Documents/bank_account_project)
2022-11-26 14:12:07.707  INFO 31660 --- [    Test worker] c.b.a.controller.HomeControllerTest      : No active profile set, falling back to 1 default profile: "default"
2022-11-26 14:12:07.855  INFO 31660 --- [    Test worker] .s.d.r.c.RepositoryConfigurationDelegate : Bootstrapping Spring Data JPA repositories in DEFAULT mode.
2022-11-26 14:12:07.868  INFO 31660 --- [    Test worker] .s.d.r.c.RepositoryConfigurationDelegate : Finished Spring Data repository scanning in 12 ms. Found 5 JPA repository interfaces.
2022-11-26 14:12:08.003  INFO 31660 --- [    Test worker] com.zaxxer.hikari.HikariDataSource       : HikariPool-3 - Starting...
2022-11-26 14:12:08.004  INFO 31660 --- [    Test worker] com.zaxxer.hikari.HikariDataSource       : HikariPool-3 - Start completed.
2022-11-26 14:12:08.005  INFO 31660 --- [    Test worker] o.f.c.i.database.base.BaseDatabaseType   : Database: jdbc:h2:mem:web (H2 2.1)
2022-11-26 14:12:08.009  INFO 31660 --- [    Test worker] o.f.core.internal.command.DbClean        : Successfully dropped pre-schema database level objects (execution time 00:00.000s)
2022-11-26 14:12:08.014  INFO 31660 --- [    Test worker] o.f.core.internal.command.DbClean        : Successfully cleaned schema "PUBLIC" (execution time 00:00.004s)
2022-11-26 14:12:08.015  INFO 31660 --- [    Test worker] o.f.core.internal.command.DbClean        : Successfully cleaned schema "PUBLIC" (execution time 00:00.001s)
2022-11-26 14:12:08.016  INFO 31660 --- [    Test worker] o.f.core.internal.command.DbClean        : Successfully dropped post-schema database level objects (execution time 00:00.000s)
2022-11-26 14:12:08.020  INFO 31660 --- [    Test worker] o.f.c.i.s.JdbcTableSchemaHistory         : Repair of failed migration in Schema History table "PUBLIC"."flyway_schema_history" not necessary as table doesn't exist.
2022-11-26 14:12:08.023  INFO 31660 --- [    Test worker] o.f.core.internal.command.DbRepair       : Successfully repaired schema history table "PUBLIC"."flyway_schema_history" (execution time 00:00.002s).
2022-11-26 14:12:08.029  INFO 31660 --- [    Test worker] o.f.core.internal.command.DbValidate     : Successfully validated 8 migrations (execution time 00:00.002s)
2022-11-26 14:12:08.030  INFO 31660 --- [    Test worker] o.f.c.i.s.JdbcTableSchemaHistory         : Creating Schema History table "PUBLIC"."flyway_schema_history" ...
2022-11-26 14:12:08.034  INFO 31660 --- [    Test worker] o.f.core.internal.command.DbMigrate      : Current version of schema "PUBLIC": << Empty Schema >>
2022-11-26 14:12:08.036  INFO 31660 --- [    Test worker] o.f.core.internal.command.DbMigrate      : Migrating schema "PUBLIC" to version "0 - create table accounts"
2022-11-26 14:12:08.040  INFO 31660 --- [    Test worker] o.f.core.internal.command.DbMigrate      : Migrating schema "PUBLIC" to version "1 - create table customers"
2022-11-26 14:12:08.045  INFO 31660 --- [    Test worker] o.f.core.internal.command.DbMigrate      : Migrating schema "PUBLIC" to version "2 - create table cusromers roles"
2022-11-26 14:12:08.050  INFO 31660 --- [    Test worker] o.f.core.internal.command.DbMigrate      : Migrating schema "PUBLIC" to version "3 - create table role"
2022-11-26 14:12:08.055  INFO 31660 --- [    Test worker] o.f.core.internal.command.DbMigrate      : Migrating schema "PUBLIC" to version "4 - create table transactions"
2022-11-26 14:12:08.061  INFO 31660 --- [    Test worker] o.f.core.internal.command.DbMigrate      : Migrating schema "PUBLIC" to version "5 - insert into role table"
2022-11-26 14:12:08.066  INFO 31660 --- [    Test worker] o.f.core.internal.command.DbMigrate      : Migrating schema "PUBLIC" to version "6 - create table tokens"
2022-11-26 14:12:08.071  INFO 31660 --- [    Test worker] o.f.core.internal.command.DbMigrate      : Migrating schema "PUBLIC" to version "7 - create table customers transactions"
2022-11-26 14:12:08.074  INFO 31660 --- [    Test worker] o.f.core.internal.command.DbMigrate      : Successfully applied 8 migrations to schema "PUBLIC", now at version v7 (execution time 00:00.040s)
2022-11-26 14:12:08.109  INFO 31660 --- [    Test worker] o.hibernate.jpa.internal.util.LogHelper  : HHH000204: Processing PersistenceUnitInfo [name: default]
2022-11-26 14:12:08.119  INFO 31660 --- [    Test worker] org.hibernate.dialect.Dialect            : HHH000400: Using dialect: org.hibernate.dialect.H2Dialect
2022-11-26 14:12:08.192  INFO 31660 --- [    Test worker] o.h.e.t.j.p.i.JtaPlatformInitiator       : HHH000490: Using JtaPlatform implementation: [org.hibernate.engine.transaction.jta.platform.internal.NoJtaPlatform]
2022-11-26 14:12:08.193  INFO 31660 --- [    Test worker] j.LocalContainerEntityManagerFactoryBean : Initialized JPA EntityManagerFactory for persistence unit 'default'
2022-11-26 14:12:08.393  INFO 31660 --- [    Test worker] o.s.s.web.DefaultSecurityFilterChain     : Will secure any request with [org.springframework.security.web.session.DisableEncodeUrlFilter@536be6b8, org.springframework.security.web.context.request.async.WebAsyncManagerIntegrationFilter@880cd84, org.springframework.security.web.context.SecurityContextPersistenceFilter@5173402e, org.springframework.security.web.header.HeaderWriterFilter@67bec6a9, org.springframework.security.web.authentication.logout.LogoutFilter@496c7d29, com.bank.account.security.CustomAuthorizationFilter@230525be, org.springframework.security.web.savedrequest.RequestCacheAwareFilter@1e2097b3, org.springframework.security.web.servletapi.SecurityContextHolderAwareRequestFilter@f3a8150, org.springframework.security.web.authentication.AnonymousAuthenticationFilter@9aa91c2, org.springframework.security.web.session.SessionManagementFilter@5eca7517, org.springframework.security.web.access.ExceptionTranslationFilter@5113d1f2]
2022-11-26 14:12:08.396  WARN 31660 --- [    Test worker] o.s.s.c.a.web.builders.WebSecurity       : You are asking Spring Security to ignore Ant [pattern='/api/login/**']. This is not recommended -- please use permitAll via HttpSecurity#authorizeHttpRequests instead.
2022-11-26 14:12:08.396  INFO 31660 --- [    Test worker] o.s.s.web.DefaultSecurityFilterChain     : Will not secure Ant [pattern='/api/login/**']
2022-11-26 14:12:08.396  WARN 31660 --- [    Test worker] o.s.s.c.a.web.builders.WebSecurity       : You are asking Spring Security to ignore Ant [pattern='/api/register/**']. This is not recommended -- please use permitAll via HttpSecurity#authorizeHttpRequests instead.
2022-11-26 14:12:08.397  INFO 31660 --- [    Test worker] o.s.s.web.DefaultSecurityFilterChain     : Will not secure Ant [pattern='/api/register/**']
2022-11-26 14:12:08.397  WARN 31660 --- [    Test worker] o.s.s.c.a.web.builders.WebSecurity       : You are asking Spring Security to ignore Ant [pattern='/api/information/**']. This is not recommended -- please use permitAll via HttpSecurity#authorizeHttpRequests instead.
2022-11-26 14:12:08.397  INFO 31660 --- [    Test worker] o.s.s.web.DefaultSecurityFilterChain     : Will not secure Ant [pattern='/api/information/**']
2022-11-26 14:12:08.397  WARN 31660 --- [    Test worker] o.s.s.c.a.web.builders.WebSecurity       : You are asking Spring Security to ignore Ant [pattern='/api/verification/**']. This is not recommended -- please use permitAll via HttpSecurity#authorizeHttpRequests instead.
2022-11-26 14:12:08.397  INFO 31660 --- [    Test worker] o.s.s.web.DefaultSecurityFilterChain     : Will not secure Ant [pattern='/api/verification/**']
2022-11-26 14:12:08.397  WARN 31660 --- [    Test worker] o.s.s.c.a.web.builders.WebSecurity       : You are asking Spring Security to ignore Ant [pattern='/resources/**']. This is not recommended -- please use permitAll via HttpSecurity#authorizeHttpRequests instead.
2022-11-26 14:12:08.397  INFO 31660 --- [    Test worker] o.s.s.web.DefaultSecurityFilterChain     : Will not secure Ant [pattern='/resources/**']
2022-11-26 14:12:08.397  WARN 31660 --- [    Test worker] o.s.s.c.a.web.builders.WebSecurity       : You are asking Spring Security to ignore Ant [pattern='/*']. This is not recommended -- please use permitAll via HttpSecurity#authorizeHttpRequests instead.
2022-11-26 14:12:08.397  INFO 31660 --- [    Test worker] o.s.s.web.DefaultSecurityFilterChain     : Will not secure Ant [pattern='/*']
2022-11-26 14:12:08.462  WARN 31660 --- [    Test worker] JpaBaseConfiguration$JpaWebConfiguration : spring.jpa.open-in-view is enabled by default. Therefore, database queries may be performed during view rendering. Explicitly configure spring.jpa.open-in-view to disable this warning
2022-11-26 14:12:08.529  INFO 31660 --- [    Test worker] o.s.b.a.h2.H2ConsoleAutoConfiguration    : H2 console available at '/h2-console'. Database available at 'jdbc:h2:mem:web'
2022-11-26 14:12:08.692  INFO 31660 --- [    Test worker] o.s.b.t.m.w.SpringBootMockServletContext : Initializing Spring TestDispatcherServlet ''
2022-11-26 14:12:08.693  INFO 31660 --- [    Test worker] o.s.t.web.servlet.TestDispatcherServlet  : Initializing Servlet ''
2022-11-26 14:12:08.694  INFO 31660 --- [    Test worker] o.s.t.web.servlet.TestDispatcherServlet  : Completed initialization in 1 ms
2022-11-26 14:12:08.704  INFO 31660 --- [    Test worker] c.b.a.controller.HomeControllerTest      : Started HomeControllerTest in 1.015 seconds (JVM running for 9.194)
2022-11-26 14:12:08.852  INFO 31660 --- [    Test worker] c.b.account.service.CustomerServiceImpl  : Saving customer
2022-11-26 14:12:08.887  INFO 31660 --- [    Test worker] c.b.account.service.CustomerServiceImpl  : Loading customer
2022-11-26 14:12:08.928  INFO 31660 --- [    Test worker] c.b.account.service.CustomerServiceImpl  : Creating JWT
2022-11-26 14:12:09.074  INFO 31660 --- [    Test worker] c.b.account.service.CustomerServiceImpl  : Decoding token
2022-11-26 14:12:09.100  INFO 31660 --- [    Test worker] c.b.account.service.CustomerServiceImpl  : Checking JWT payload
2022-11-26 14:12:09.100  INFO 31660 --- [    Test worker] c.b.account.service.CustomerServiceImpl  : Finding customer in repository

MockHttpServletRequest:
      HTTP Method = GET
      Request URI = /api/movements
       Parameters = {}
          Headers = [Authorization:"Bearer eyJ0eXAiOiJKV1QiLCJhbGciOiJIUzI1NiJ9.eyJzdWIiOiIxMjM0Iiwicm9sZXMiOltdLCJpc3MiOiJvcmcuc3ByaW5nZnJhbWV3b3JrLndlYi5zZXJ2bGV0LnN1cHBvcnQuU2VydmxldFVyaUNvbXBvbmVudHNCdWlsZGVyQDM2NzM0ODFlIiwiZXhwIjoxNjY5NDcxOTI5fQ.wgDAMEDTSZ1Zp0-iyRGZLVJg-0T8x2WK32INILWDGYc"]
             Body = <no character encoding set>
    Session Attrs = {}

Handler:
             Type = com.bank.account.controller.HomeController
           Method = com.bank.account.controller.HomeController#getCustomerTransactions(String)

Async:
    Async started = false
     Async result = null

Resolved Exception:
             Type = null

ModelAndView:
        View name = null
             View = null
            Model = null

FlashMap:
       Attributes = null

MockHttpServletResponse:
           Status = 200
    Error message = null
          Headers = [Content-Type:"application/json"]
     Content type = application/json
             Body = {"transactions":[]}
    Forwarded URL = null
   Redirected URL = null
          Cookies = []
2022-11-26 14:12:09.179  INFO 31660 --- [    Test worker] j.LocalContainerEntityManagerFactoryBean : Closing JPA EntityManagerFactory for persistence unit 'default'
2022-11-26 14:12:09.180  INFO 31660 --- [    Test worker] com.zaxxer.hikari.HikariDataSource       : HikariPool-3 - Shutdown initiated...
2022-11-26 14:12:09.180  INFO 31660 --- [    Test worker] com.zaxxer.hikari.HikariDataSource       : HikariPool-3 - Shutdown completed.

  .   ____          _            __ _ _
 /\\ / ___'_ __ _ _(_)_ __  __ _ \ \ \ \
( ( )\___ | '_ | '_| | '_ \/ _` | \ \ \ \
 \\/  ___)| |_)| | | | | || (_| |  ) ) ) )
  '  |____| .__|_| |_|_| |_\__, | / / / /
 =========|_|==============|___/=/_/_/_/
 :: Spring Boot ::                (v2.7.4)

2022-11-26 14:12:09.209  INFO 31660 --- [    Test worker] c.b.a.controller.HomeControllerTest      : Starting HomeControllerTest using Java 16.0.2 on peter-B250-FinTech with PID 31660 (started by peter in /home/peter/Documents/bank_account_project)
2022-11-26 14:12:09.209  INFO 31660 --- [    Test worker] c.b.a.controller.HomeControllerTest      : No active profile set, falling back to 1 default profile: "default"
2022-11-26 14:12:09.335  INFO 31660 --- [    Test worker] .s.d.r.c.RepositoryConfigurationDelegate : Bootstrapping Spring Data JPA repositories in DEFAULT mode.
2022-11-26 14:12:09.346  INFO 31660 --- [    Test worker] .s.d.r.c.RepositoryConfigurationDelegate : Finished Spring Data repository scanning in 10 ms. Found 5 JPA repository interfaces.
2022-11-26 14:12:09.453  INFO 31660 --- [    Test worker] com.zaxxer.hikari.HikariDataSource       : HikariPool-4 - Starting...
2022-11-26 14:12:09.455  INFO 31660 --- [    Test worker] com.zaxxer.hikari.HikariDataSource       : HikariPool-4 - Start completed.
2022-11-26 14:12:09.455  INFO 31660 --- [    Test worker] o.f.c.i.database.base.BaseDatabaseType   : Database: jdbc:h2:mem:web (H2 2.1)
2022-11-26 14:12:09.459  INFO 31660 --- [    Test worker] o.f.core.internal.command.DbClean        : Successfully dropped pre-schema database level objects (execution time 00:00.000s)
2022-11-26 14:12:09.465  INFO 31660 --- [    Test worker] o.f.core.internal.command.DbClean        : Successfully cleaned schema "PUBLIC" (execution time 00:00.004s)
2022-11-26 14:12:09.466  INFO 31660 --- [    Test worker] o.f.core.internal.command.DbClean        : Successfully cleaned schema "PUBLIC" (execution time 00:00.000s)
2022-11-26 14:12:09.466  INFO 31660 --- [    Test worker] o.f.core.internal.command.DbClean        : Successfully dropped post-schema database level objects (execution time 00:00.000s)
2022-11-26 14:12:09.470  INFO 31660 --- [    Test worker] o.f.c.i.s.JdbcTableSchemaHistory         : Repair of failed migration in Schema History table "PUBLIC"."flyway_schema_history" not necessary as table doesn't exist.
2022-11-26 14:12:09.474  INFO 31660 --- [    Test worker] o.f.core.internal.command.DbRepair       : Successfully repaired schema history table "PUBLIC"."flyway_schema_history" (execution time 00:00.003s).
2022-11-26 14:12:09.481  INFO 31660 --- [    Test worker] o.f.core.internal.command.DbValidate     : Successfully validated 8 migrations (execution time 00:00.003s)
2022-11-26 14:12:09.482  INFO 31660 --- [    Test worker] o.f.c.i.s.JdbcTableSchemaHistory         : Creating Schema History table "PUBLIC"."flyway_schema_history" ...
2022-11-26 14:12:09.487  INFO 31660 --- [    Test worker] o.f.core.internal.command.DbMigrate      : Current version of schema "PUBLIC": << Empty Schema >>
2022-11-26 14:12:09.488  INFO 31660 --- [    Test worker] o.f.core.internal.command.DbMigrate      : Migrating schema "PUBLIC" to version "0 - create table accounts"
2022-11-26 14:12:09.493  INFO 31660 --- [    Test worker] o.f.core.internal.command.DbMigrate      : Migrating schema "PUBLIC" to version "1 - create table customers"
2022-11-26 14:12:09.498  INFO 31660 --- [    Test worker] o.f.core.internal.command.DbMigrate      : Migrating schema "PUBLIC" to version "2 - create table cusromers roles"
2022-11-26 14:12:09.502  INFO 31660 --- [    Test worker] o.f.core.internal.command.DbMigrate      : Migrating schema "PUBLIC" to version "3 - create table role"
2022-11-26 14:12:09.508  INFO 31660 --- [    Test worker] o.f.core.internal.command.DbMigrate      : Migrating schema "PUBLIC" to version "4 - create table transactions"
2022-11-26 14:12:09.512  INFO 31660 --- [    Test worker] o.f.core.internal.command.DbMigrate      : Migrating schema "PUBLIC" to version "5 - insert into role table"
2022-11-26 14:12:09.517  INFO 31660 --- [    Test worker] o.f.core.internal.command.DbMigrate      : Migrating schema "PUBLIC" to version "6 - create table tokens"
2022-11-26 14:12:09.522  INFO 31660 --- [    Test worker] o.f.core.internal.command.DbMigrate      : Migrating schema "PUBLIC" to version "7 - create table customers transactions"
2022-11-26 14:12:09.525  INFO 31660 --- [    Test worker] o.f.core.internal.command.DbMigrate      : Successfully applied 8 migrations to schema "PUBLIC", now at version v7 (execution time 00:00.039s)
2022-11-26 14:12:09.547  INFO 31660 --- [    Test worker] o.hibernate.jpa.internal.util.LogHelper  : HHH000204: Processing PersistenceUnitInfo [name: default]
2022-11-26 14:12:09.549  INFO 31660 --- [    Test worker] org.hibernate.dialect.Dialect            : HHH000400: Using dialect: org.hibernate.dialect.H2Dialect
2022-11-26 14:12:09.606  INFO 31660 --- [    Test worker] o.h.e.t.j.p.i.JtaPlatformInitiator       : HHH000490: Using JtaPlatform implementation: [org.hibernate.engine.transaction.jta.platform.internal.NoJtaPlatform]
2022-11-26 14:12:09.606  INFO 31660 --- [    Test worker] j.LocalContainerEntityManagerFactoryBean : Initialized JPA EntityManagerFactory for persistence unit 'default'
2022-11-26 14:12:09.764  INFO 31660 --- [    Test worker] o.s.s.web.DefaultSecurityFilterChain     : Will secure any request with [org.springframework.security.web.session.DisableEncodeUrlFilter@3c220dda, org.springframework.security.web.context.request.async.WebAsyncManagerIntegrationFilter@6672e7fc, org.springframework.security.web.context.SecurityContextPersistenceFilter@4af864a5, org.springframework.security.web.header.HeaderWriterFilter@6140245e, org.springframework.security.web.authentication.logout.LogoutFilter@1309ed8c, com.bank.account.security.CustomAuthorizationFilter@17275013, org.springframework.security.web.savedrequest.RequestCacheAwareFilter@38f2fec1, org.springframework.security.web.servletapi.SecurityContextHolderAwareRequestFilter@58f05f55, org.springframework.security.web.authentication.AnonymousAuthenticationFilter@4b9ebaf6, org.springframework.security.web.session.SessionManagementFilter@348edc31, org.springframework.security.web.access.ExceptionTranslationFilter@65a2eb50]
2022-11-26 14:12:09.768  WARN 31660 --- [    Test worker] o.s.s.c.a.web.builders.WebSecurity       : You are asking Spring Security to ignore Ant [pattern='/api/login/**']. This is not recommended -- please use permitAll via HttpSecurity#authorizeHttpRequests instead.
2022-11-26 14:12:09.768  INFO 31660 --- [    Test worker] o.s.s.web.DefaultSecurityFilterChain     : Will not secure Ant [pattern='/api/login/**']
2022-11-26 14:12:09.768  WARN 31660 --- [    Test worker] o.s.s.c.a.web.builders.WebSecurity       : You are asking Spring Security to ignore Ant [pattern='/api/register/**']. This is not recommended -- please use permitAll via HttpSecurity#authorizeHttpRequests instead.
2022-11-26 14:12:09.768  INFO 31660 --- [    Test worker] o.s.s.web.DefaultSecurityFilterChain     : Will not secure Ant [pattern='/api/register/**']
2022-11-26 14:12:09.768  WARN 31660 --- [    Test worker] o.s.s.c.a.web.builders.WebSecurity       : You are asking Spring Security to ignore Ant [pattern='/api/information/**']. This is not recommended -- please use permitAll via HttpSecurity#authorizeHttpRequests instead.
2022-11-26 14:12:09.768  INFO 31660 --- [    Test worker] o.s.s.web.DefaultSecurityFilterChain     : Will not secure Ant [pattern='/api/information/**']
2022-11-26 14:12:09.768  WARN 31660 --- [    Test worker] o.s.s.c.a.web.builders.WebSecurity       : You are asking Spring Security to ignore Ant [pattern='/api/verification/**']. This is not recommended -- please use permitAll via HttpSecurity#authorizeHttpRequests instead.
2022-11-26 14:12:09.768  INFO 31660 --- [    Test worker] o.s.s.web.DefaultSecurityFilterChain     : Will not secure Ant [pattern='/api/verification/**']
2022-11-26 14:12:09.769  WARN 31660 --- [    Test worker] o.s.s.c.a.web.builders.WebSecurity       : You are asking Spring Security to ignore Ant [pattern='/resources/**']. This is not recommended -- please use permitAll via HttpSecurity#authorizeHttpRequests instead.
2022-11-26 14:12:09.769  INFO 31660 --- [    Test worker] o.s.s.web.DefaultSecurityFilterChain     : Will not secure Ant [pattern='/resources/**']
2022-11-26 14:12:09.769  WARN 31660 --- [    Test worker] o.s.s.c.a.web.builders.WebSecurity       : You are asking Spring Security to ignore Ant [pattern='/*']. This is not recommended -- please use permitAll via HttpSecurity#authorizeHttpRequests instead.
2022-11-26 14:12:09.769  INFO 31660 --- [    Test worker] o.s.s.web.DefaultSecurityFilterChain     : Will not secure Ant [pattern='/*']
2022-11-26 14:12:09.842  WARN 31660 --- [    Test worker] JpaBaseConfiguration$JpaWebConfiguration : spring.jpa.open-in-view is enabled by default. Therefore, database queries may be performed during view rendering. Explicitly configure spring.jpa.open-in-view to disable this warning
2022-11-26 14:12:09.903  INFO 31660 --- [    Test worker] o.s.b.a.h2.H2ConsoleAutoConfiguration    : H2 console available at '/h2-console'. Database available at 'jdbc:h2:mem:web'
2022-11-26 14:12:10.033  INFO 31660 --- [    Test worker] o.s.b.t.m.w.SpringBootMockServletContext : Initializing Spring TestDispatcherServlet ''
2022-11-26 14:12:10.033  INFO 31660 --- [    Test worker] o.s.t.web.servlet.TestDispatcherServlet  : Initializing Servlet ''
2022-11-26 14:12:10.034  INFO 31660 --- [    Test worker] o.s.t.web.servlet.TestDispatcherServlet  : Completed initialization in 1 ms
2022-11-26 14:12:10.046  INFO 31660 --- [    Test worker] c.b.a.controller.HomeControllerTest      : Started HomeControllerTest in 0.863 seconds (JVM running for 10.536)
2022-11-26 14:12:10.056  INFO 31660 --- [    Test worker] c.b.account.service.CustomerServiceImpl  : Saving customer
2022-11-26 14:12:10.060  INFO 31660 --- [    Test worker] c.b.account.service.CustomerServiceImpl  : Loading customer
2022-11-26 14:12:10.066  INFO 31660 --- [    Test worker] c.b.account.service.CustomerServiceImpl  : Creating JWT
2022-11-26 14:12:10.073  INFO 31660 --- [    Test worker] c.b.account.service.CustomerServiceImpl  : Decoding token
2022-11-26 14:12:10.075  INFO 31660 --- [    Test worker] c.b.account.service.CustomerServiceImpl  : Checking JWT payload
2022-11-26 14:12:10.075  INFO 31660 --- [    Test worker] c.b.account.service.CustomerServiceImpl  : Finding customer in repository
2022-11-26 14:12:10.085  INFO 31660 --- [    Test worker] c.b.account.service.AccountServiceImpl   : Creating new Account

MockHttpServletRequest:
      HTTP Method = PUT
      Request URI = /api/create/account
       Parameters = {accountType=[INVESTOR]}
          Headers = [Authorization:"Bearer eyJ0eXAiOiJKV1QiLCJhbGciOiJIUzI1NiJ9.eyJzdWIiOiIxMjM0Iiwicm9sZXMiOltdLCJpc3MiOiJvcmcuc3ByaW5nZnJhbWV3b3JrLndlYi5zZXJ2bGV0LnN1cHBvcnQuU2VydmxldFVyaUNvbXBvbmVudHNCdWlsZGVyQDM4ODUwYjAwIiwiZXhwIjoxNjY5NDcxOTMwfQ._VNSf-RrUm1Rf9BcEWnc-gqz459fnglczmsAvEE5Zx8"]
             Body = <no character encoding set>
    Session Attrs = {}

Handler:
             Type = com.bank.account.controller.HomeController
           Method = com.bank.account.controller.HomeController#createAccount(String, String)

Async:
    Async started = false
     Async result = null

Resolved Exception:
             Type = null

ModelAndView:
        View name = null
             View = null
            Model = null

FlashMap:
       Attributes = null

MockHttpServletResponse:
           Status = 200
    Error message = null
          Headers = [Content-Type:"application/json"]
     Content type = application/json
             Body = {"message":"Account created","httpStatus":"ACCEPTED","responseDate":"2022-11-26T14:12:10.099322599+01:00"}
    Forwarded URL = null
   Redirected URL = null
          Cookies = []
2022-11-26 14:12:10.115  INFO 31660 --- [    Test worker] j.LocalContainerEntityManagerFactoryBean : Closing JPA EntityManagerFactory for persistence unit 'default'
2022-11-26 14:12:10.116  INFO 31660 --- [    Test worker] com.zaxxer.hikari.HikariDataSource       : HikariPool-4 - Shutdown initiated...
2022-11-26 14:12:10.117  INFO 31660 --- [    Test worker] com.zaxxer.hikari.HikariDataSource       : HikariPool-4 - Shutdown completed.

  .   ____          _            __ _ _
 /\\ / ___'_ __ _ _(_)_ __  __ _ \ \ \ \
( ( )\___ | '_ | '_| | '_ \/ _` | \ \ \ \
 \\/  ___)| |_)| | | | | || (_| |  ) ) ) )
  '  |____| .__|_| |_|_| |_\__, | / / / /
 =========|_|==============|___/=/_/_/_/
 :: Spring Boot ::                (v2.7.4)

2022-11-26 14:12:10.139  INFO 31660 --- [    Test worker] c.b.a.controller.HomeControllerTest      : Starting HomeControllerTest using Java 16.0.2 on peter-B250-FinTech with PID 31660 (started by peter in /home/peter/Documents/bank_account_project)
2022-11-26 14:12:10.140  INFO 31660 --- [    Test worker] c.b.a.controller.HomeControllerTest      : No active profile set, falling back to 1 default profile: "default"
2022-11-26 14:12:10.257  INFO 31660 --- [    Test worker] .s.d.r.c.RepositoryConfigurationDelegate : Bootstrapping Spring Data JPA repositories in DEFAULT mode.
2022-11-26 14:12:10.267  INFO 31660 --- [    Test worker] .s.d.r.c.RepositoryConfigurationDelegate : Finished Spring Data repository scanning in 9 ms. Found 5 JPA repository interfaces.
2022-11-26 14:12:10.364  INFO 31660 --- [    Test worker] com.zaxxer.hikari.HikariDataSource       : HikariPool-5 - Starting...
2022-11-26 14:12:10.365  INFO 31660 --- [    Test worker] com.zaxxer.hikari.HikariDataSource       : HikariPool-5 - Start completed.
2022-11-26 14:12:10.366  INFO 31660 --- [    Test worker] o.f.c.i.database.base.BaseDatabaseType   : Database: jdbc:h2:mem:web (H2 2.1)
2022-11-26 14:12:10.370  INFO 31660 --- [    Test worker] o.f.core.internal.command.DbClean        : Successfully dropped pre-schema database level objects (execution time 00:00.000s)
2022-11-26 14:12:10.376  INFO 31660 --- [    Test worker] o.f.core.internal.command.DbClean        : Successfully cleaned schema "PUBLIC" (execution time 00:00.004s)
2022-11-26 14:12:10.377  INFO 31660 --- [    Test worker] o.f.core.internal.command.DbClean        : Successfully cleaned schema "PUBLIC" (execution time 00:00.000s)
2022-11-26 14:12:10.377  INFO 31660 --- [    Test worker] o.f.core.internal.command.DbClean        : Successfully dropped post-schema database level objects (execution time 00:00.000s)
2022-11-26 14:12:10.381  INFO 31660 --- [    Test worker] o.f.c.i.s.JdbcTableSchemaHistory         : Repair of failed migration in Schema History table "PUBLIC"."flyway_schema_history" not necessary as table doesn't exist.
2022-11-26 14:12:10.384  INFO 31660 --- [    Test worker] o.f.core.internal.command.DbRepair       : Successfully repaired schema history table "PUBLIC"."flyway_schema_history" (execution time 00:00.002s).
2022-11-26 14:12:10.391  INFO 31660 --- [    Test worker] o.f.core.internal.command.DbValidate     : Successfully validated 8 migrations (execution time 00:00.003s)
2022-11-26 14:12:10.392  INFO 31660 --- [    Test worker] o.f.c.i.s.JdbcTableSchemaHistory         : Creating Schema History table "PUBLIC"."flyway_schema_history" ...
2022-11-26 14:12:10.396  INFO 31660 --- [    Test worker] o.f.core.internal.command.DbMigrate      : Current version of schema "PUBLIC": << Empty Schema >>
2022-11-26 14:12:10.398  INFO 31660 --- [    Test worker] o.f.core.internal.command.DbMigrate      : Migrating schema "PUBLIC" to version "0 - create table accounts"
2022-11-26 14:12:10.403  INFO 31660 --- [    Test worker] o.f.core.internal.command.DbMigrate      : Migrating schema "PUBLIC" to version "1 - create table customers"
2022-11-26 14:12:10.408  INFO 31660 --- [    Test worker] o.f.core.internal.command.DbMigrate      : Migrating schema "PUBLIC" to version "2 - create table cusromers roles"
2022-11-26 14:12:10.412  INFO 31660 --- [    Test worker] o.f.core.internal.command.DbMigrate      : Migrating schema "PUBLIC" to version "3 - create table role"
2022-11-26 14:12:10.417  INFO 31660 --- [    Test worker] o.f.core.internal.command.DbMigrate      : Migrating schema "PUBLIC" to version "4 - create table transactions"
2022-11-26 14:12:10.422  INFO 31660 --- [    Test worker] o.f.core.internal.command.DbMigrate      : Migrating schema "PUBLIC" to version "5 - insert into role table"
2022-11-26 14:12:10.426  INFO 31660 --- [    Test worker] o.f.core.internal.command.DbMigrate      : Migrating schema "PUBLIC" to version "6 - create table tokens"
2022-11-26 14:12:10.429  INFO 31660 --- [    Test worker] o.f.core.internal.command.DbMigrate      : Migrating schema "PUBLIC" to version "7 - create table customers transactions"
2022-11-26 14:12:10.432  INFO 31660 --- [    Test worker] o.f.core.internal.command.DbMigrate      : Successfully applied 8 migrations to schema "PUBLIC", now at version v7 (execution time 00:00.035s)
2022-11-26 14:12:10.451  INFO 31660 --- [    Test worker] o.hibernate.jpa.internal.util.LogHelper  : HHH000204: Processing PersistenceUnitInfo [name: default]
2022-11-26 14:12:10.454  INFO 31660 --- [    Test worker] org.hibernate.dialect.Dialect            : HHH000400: Using dialect: org.hibernate.dialect.H2Dialect
2022-11-26 14:12:10.512  INFO 31660 --- [    Test worker] o.h.e.t.j.p.i.JtaPlatformInitiator       : HHH000490: Using JtaPlatform implementation: [org.hibernate.engine.transaction.jta.platform.internal.NoJtaPlatform]
2022-11-26 14:12:10.512  INFO 31660 --- [    Test worker] j.LocalContainerEntityManagerFactoryBean : Initialized JPA EntityManagerFactory for persistence unit 'default'
2022-11-26 14:12:10.648  INFO 31660 --- [    Test worker] o.s.s.web.DefaultSecurityFilterChain     : Will secure any request with [org.springframework.security.web.session.DisableEncodeUrlFilter@2bdaa91d, org.springframework.security.web.context.request.async.WebAsyncManagerIntegrationFilter@12055ede, org.springframework.security.web.context.SecurityContextPersistenceFilter@5434c32a, org.springframework.security.web.header.HeaderWriterFilter@1868b01, org.springframework.security.web.authentication.logout.LogoutFilter@7dfa230a, com.bank.account.security.CustomAuthorizationFilter@31e1bfed, org.springframework.security.web.savedrequest.RequestCacheAwareFilter@17283bcb, org.springframework.security.web.servletapi.SecurityContextHolderAwareRequestFilter@224374ac, org.springframework.security.web.authentication.AnonymousAuthenticationFilter@1d2f28a8, org.springframework.security.web.session.SessionManagementFilter@35730714, org.springframework.security.web.access.ExceptionTranslationFilter@68357d4a]
2022-11-26 14:12:10.652  WARN 31660 --- [    Test worker] o.s.s.c.a.web.builders.WebSecurity       : You are asking Spring Security to ignore Ant [pattern='/api/login/**']. This is not recommended -- please use permitAll via HttpSecurity#authorizeHttpRequests instead.
2022-11-26 14:12:10.652  INFO 31660 --- [    Test worker] o.s.s.web.DefaultSecurityFilterChain     : Will not secure Ant [pattern='/api/login/**']
2022-11-26 14:12:10.652  WARN 31660 --- [    Test worker] o.s.s.c.a.web.builders.WebSecurity       : You are asking Spring Security to ignore Ant [pattern='/api/register/**']. This is not recommended -- please use permitAll via HttpSecurity#authorizeHttpRequests instead.
2022-11-26 14:12:10.652  INFO 31660 --- [    Test worker] o.s.s.web.DefaultSecurityFilterChain     : Will not secure Ant [pattern='/api/register/**']
2022-11-26 14:12:10.652  WARN 31660 --- [    Test worker] o.s.s.c.a.web.builders.WebSecurity       : You are asking Spring Security to ignore Ant [pattern='/api/information/**']. This is not recommended -- please use permitAll via HttpSecurity#authorizeHttpRequests instead.
2022-11-26 14:12:10.652  INFO 31660 --- [    Test worker] o.s.s.web.DefaultSecurityFilterChain     : Will not secure Ant [pattern='/api/information/**']
2022-11-26 14:12:10.652  WARN 31660 --- [    Test worker] o.s.s.c.a.web.builders.WebSecurity       : You are asking Spring Security to ignore Ant [pattern='/api/verification/**']. This is not recommended -- please use permitAll via HttpSecurity#authorizeHttpRequests instead.
2022-11-26 14:12:10.652  INFO 31660 --- [    Test worker] o.s.s.web.DefaultSecurityFilterChain     : Will not secure Ant [pattern='/api/verification/**']
2022-11-26 14:12:10.653  WARN 31660 --- [    Test worker] o.s.s.c.a.web.builders.WebSecurity       : You are asking Spring Security to ignore Ant [pattern='/resources/**']. This is not recommended -- please use permitAll via HttpSecurity#authorizeHttpRequests instead.
2022-11-26 14:12:10.653  INFO 31660 --- [    Test worker] o.s.s.web.DefaultSecurityFilterChain     : Will not secure Ant [pattern='/resources/**']
2022-11-26 14:12:10.653  WARN 31660 --- [    Test worker] o.s.s.c.a.web.builders.WebSecurity       : You are asking Spring Security to ignore Ant [pattern='/*']. This is not recommended -- please use permitAll via HttpSecurity#authorizeHttpRequests instead.
2022-11-26 14:12:10.653  INFO 31660 --- [    Test worker] o.s.s.web.DefaultSecurityFilterChain     : Will not secure Ant [pattern='/*']
2022-11-26 14:12:10.716  WARN 31660 --- [    Test worker] JpaBaseConfiguration$JpaWebConfiguration : spring.jpa.open-in-view is enabled by default. Therefore, database queries may be performed during view rendering. Explicitly configure spring.jpa.open-in-view to disable this warning
2022-11-26 14:12:10.791  INFO 31660 --- [    Test worker] o.s.b.a.h2.H2ConsoleAutoConfiguration    : H2 console available at '/h2-console'. Database available at 'jdbc:h2:mem:web'
2022-11-26 14:12:10.959  INFO 31660 --- [    Test worker] o.s.b.t.m.w.SpringBootMockServletContext : Initializing Spring TestDispatcherServlet ''
2022-11-26 14:12:10.959  INFO 31660 --- [    Test worker] o.s.t.web.servlet.TestDispatcherServlet  : Initializing Servlet ''
2022-11-26 14:12:10.960  INFO 31660 --- [    Test worker] o.s.t.web.servlet.TestDispatcherServlet  : Completed initialization in 1 ms
2022-11-26 14:12:10.965  INFO 31660 --- [    Test worker] c.b.a.controller.HomeControllerTest      : Started HomeControllerTest in 0.847 seconds (JVM running for 11.456)
2022-11-26 14:12:10.976  WARN 31660 --- [    Test worker] .w.s.m.s.DefaultHandlerExceptionResolver : Resolved [org.springframework.web.bind.MissingRequestHeaderException: Required request header 'Authorization' for method parameter type String is not present]

MockHttpServletRequest:
      HTTP Method = GET
      Request URI = /api/home
       Parameters = {}
          Headers = []
             Body = <no character encoding set>
    Session Attrs = {}

Handler:
             Type = com.bank.account.controller.HomeController
           Method = com.bank.account.controller.HomeController#getHomeWithCurrency(String, String)

Async:
    Async started = false
     Async result = null

Resolved Exception:
             Type = org.springframework.web.bind.MissingRequestHeaderException

ModelAndView:
        View name = null
             View = null
            Model = null

FlashMap:
       Attributes = null

MockHttpServletResponse:
           Status = 400
    Error message = Required request header 'Authorization' for method parameter type String is not present
          Headers = []
     Content type = null
             Body = 
    Forwarded URL = null
   Redirected URL = null
          Cookies = []
2022-11-26 14:12:10.982  INFO 31660 --- [    Test worker] j.LocalContainerEntityManagerFactoryBean : Closing JPA EntityManagerFactory for persistence unit 'default'
2022-11-26 14:12:10.983  INFO 31660 --- [    Test worker] com.zaxxer.hikari.HikariDataSource       : HikariPool-5 - Shutdown initiated...
2022-11-26 14:12:10.984  INFO 31660 --- [    Test worker] com.zaxxer.hikari.HikariDataSource       : HikariPool-5 - Shutdown completed.

  .   ____          _            __ _ _
 /\\ / ___'_ __ _ _(_)_ __  __ _ \ \ \ \
( ( )\___ | '_ | '_| | '_ \/ _` | \ \ \ \
 \\/  ___)| |_)| | | | | || (_| |  ) ) ) )
  '  |____| .__|_| |_|_| |_\__, | / / / /
 =========|_|==============|___/=/_/_/_/
 :: Spring Boot ::                (v2.7.4)

2022-11-26 14:12:11.002  INFO 31660 --- [    Test worker] c.b.a.controller.HomeControllerTest      : Starting HomeControllerTest using Java 16.0.2 on peter-B250-FinTech with PID 31660 (started by peter in /home/peter/Documents/bank_account_project)
2022-11-26 14:12:11.002  INFO 31660 --- [    Test worker] c.b.a.controller.HomeControllerTest      : No active profile set, falling back to 1 default profile: "default"
2022-11-26 14:12:11.094  INFO 31660 --- [    Test worker] .s.d.r.c.RepositoryConfigurationDelegate : Bootstrapping Spring Data JPA repositories in DEFAULT mode.
2022-11-26 14:12:11.103  INFO 31660 --- [    Test worker] .s.d.r.c.RepositoryConfigurationDelegate : Finished Spring Data repository scanning in 8 ms. Found 5 JPA repository interfaces.
2022-11-26 14:12:11.198  INFO 31660 --- [    Test worker] com.zaxxer.hikari.HikariDataSource       : HikariPool-6 - Starting...
2022-11-26 14:12:11.199  INFO 31660 --- [    Test worker] com.zaxxer.hikari.HikariDataSource       : HikariPool-6 - Start completed.
2022-11-26 14:12:11.199  INFO 31660 --- [    Test worker] o.f.c.i.database.base.BaseDatabaseType   : Database: jdbc:h2:mem:web (H2 2.1)
2022-11-26 14:12:11.203  INFO 31660 --- [    Test worker] o.f.core.internal.command.DbClean        : Successfully dropped pre-schema database level objects (execution time 00:00.000s)
2022-11-26 14:12:11.207  INFO 31660 --- [    Test worker] o.f.core.internal.command.DbClean        : Successfully cleaned schema "PUBLIC" (execution time 00:00.004s)
2022-11-26 14:12:11.209  INFO 31660 --- [    Test worker] o.f.core.internal.command.DbClean        : Successfully cleaned schema "PUBLIC" (execution time 00:00.000s)
2022-11-26 14:12:11.209  INFO 31660 --- [    Test worker] o.f.core.internal.command.DbClean        : Successfully dropped post-schema database level objects (execution time 00:00.000s)
2022-11-26 14:12:11.213  INFO 31660 --- [    Test worker] o.f.c.i.s.JdbcTableSchemaHistory         : Repair of failed migration in Schema History table "PUBLIC"."flyway_schema_history" not necessary as table doesn't exist.
2022-11-26 14:12:11.216  INFO 31660 --- [    Test worker] o.f.core.internal.command.DbRepair       : Successfully repaired schema history table "PUBLIC"."flyway_schema_history" (execution time 00:00.003s).
2022-11-26 14:12:11.223  INFO 31660 --- [    Test worker] o.f.core.internal.command.DbValidate     : Successfully validated 8 migrations (execution time 00:00.002s)
2022-11-26 14:12:11.224  INFO 31660 --- [    Test worker] o.f.c.i.s.JdbcTableSchemaHistory         : Creating Schema History table "PUBLIC"."flyway_schema_history" ...
2022-11-26 14:12:11.228  INFO 31660 --- [    Test worker] o.f.core.internal.command.DbMigrate      : Current version of schema "PUBLIC": << Empty Schema >>
2022-11-26 14:12:11.229  INFO 31660 --- [    Test worker] o.f.core.internal.command.DbMigrate      : Migrating schema "PUBLIC" to version "0 - create table accounts"
2022-11-26 14:12:11.234  INFO 31660 --- [    Test worker] o.f.core.internal.command.DbMigrate      : Migrating schema "PUBLIC" to version "1 - create table customers"
2022-11-26 14:12:11.238  INFO 31660 --- [    Test worker] o.f.core.internal.command.DbMigrate      : Migrating schema "PUBLIC" to version "2 - create table cusromers roles"
2022-11-26 14:12:11.241  INFO 31660 --- [    Test worker] o.f.core.internal.command.DbMigrate      : Migrating schema "PUBLIC" to version "3 - create table role"
2022-11-26 14:12:11.245  INFO 31660 --- [    Test worker] o.f.core.internal.command.DbMigrate      : Migrating schema "PUBLIC" to version "4 - create table transactions"
2022-11-26 14:12:11.249  INFO 31660 --- [    Test worker] o.f.core.internal.command.DbMigrate      : Migrating schema "PUBLIC" to version "5 - insert into role table"
2022-11-26 14:12:11.251  INFO 31660 --- [    Test worker] o.f.core.internal.command.DbMigrate      : Migrating schema "PUBLIC" to version "6 - create table tokens"
2022-11-26 14:12:11.255  INFO 31660 --- [    Test worker] o.f.core.internal.command.DbMigrate      : Migrating schema "PUBLIC" to version "7 - create table customers transactions"
2022-11-26 14:12:11.257  INFO 31660 --- [    Test worker] o.f.core.internal.command.DbMigrate      : Successfully applied 8 migrations to schema "PUBLIC", now at version v7 (execution time 00:00.029s)
2022-11-26 14:12:11.275  INFO 31660 --- [    Test worker] o.hibernate.jpa.internal.util.LogHelper  : HHH000204: Processing PersistenceUnitInfo [name: default]
2022-11-26 14:12:11.278  INFO 31660 --- [    Test worker] org.hibernate.dialect.Dialect            : HHH000400: Using dialect: org.hibernate.dialect.H2Dialect
2022-11-26 14:12:11.327  INFO 31660 --- [    Test worker] o.h.e.t.j.p.i.JtaPlatformInitiator       : HHH000490: Using JtaPlatform implementation: [org.hibernate.engine.transaction.jta.platform.internal.NoJtaPlatform]
2022-11-26 14:12:11.327  INFO 31660 --- [    Test worker] j.LocalContainerEntityManagerFactoryBean : Initialized JPA EntityManagerFactory for persistence unit 'default'
2022-11-26 14:12:11.465  INFO 31660 --- [    Test worker] o.s.s.web.DefaultSecurityFilterChain     : Will secure any request with [org.springframework.security.web.session.DisableEncodeUrlFilter@3ce42d3d, org.springframework.security.web.context.request.async.WebAsyncManagerIntegrationFilter@3b7d0530, org.springframework.security.web.context.SecurityContextPersistenceFilter@239b8f59, org.springframework.security.web.header.HeaderWriterFilter@33b151cf, org.springframework.security.web.authentication.logout.LogoutFilter@32429456, com.bank.account.security.CustomAuthorizationFilter@17d2221f, org.springframework.security.web.savedrequest.RequestCacheAwareFilter@7912724, org.springframework.security.web.servletapi.SecurityContextHolderAwareRequestFilter@3e972130, org.springframework.security.web.authentication.AnonymousAuthenticationFilter@3194f497, org.springframework.security.web.session.SessionManagementFilter@7f118534, org.springframework.security.web.access.ExceptionTranslationFilter@77ba729c]
2022-11-26 14:12:11.470  WARN 31660 --- [    Test worker] o.s.s.c.a.web.builders.WebSecurity       : You are asking Spring Security to ignore Ant [pattern='/api/login/**']. This is not recommended -- please use permitAll via HttpSecurity#authorizeHttpRequests instead.
2022-11-26 14:12:11.470  INFO 31660 --- [    Test worker] o.s.s.web.DefaultSecurityFilterChain     : Will not secure Ant [pattern='/api/login/**']
2022-11-26 14:12:11.470  WARN 31660 --- [    Test worker] o.s.s.c.a.web.builders.WebSecurity       : You are asking Spring Security to ignore Ant [pattern='/api/register/**']. This is not recommended -- please use permitAll via HttpSecurity#authorizeHttpRequests instead.
2022-11-26 14:12:11.470  INFO 31660 --- [    Test worker] o.s.s.web.DefaultSecurityFilterChain     : Will not secure Ant [pattern='/api/register/**']
2022-11-26 14:12:11.470  WARN 31660 --- [    Test worker] o.s.s.c.a.web.builders.WebSecurity       : You are asking Spring Security to ignore Ant [pattern='/api/information/**']. This is not recommended -- please use permitAll via HttpSecurity#authorizeHttpRequests instead.
2022-11-26 14:12:11.470  INFO 31660 --- [    Test worker] o.s.s.web.DefaultSecurityFilterChain     : Will not secure Ant [pattern='/api/information/**']
2022-11-26 14:12:11.470  WARN 31660 --- [    Test worker] o.s.s.c.a.web.builders.WebSecurity       : You are asking Spring Security to ignore Ant [pattern='/api/verification/**']. This is not recommended -- please use permitAll via HttpSecurity#authorizeHttpRequests instead.
2022-11-26 14:12:11.470  INFO 31660 --- [    Test worker] o.s.s.web.DefaultSecurityFilterChain     : Will not secure Ant [pattern='/api/verification/**']
2022-11-26 14:12:11.470  WARN 31660 --- [    Test worker] o.s.s.c.a.web.builders.WebSecurity       : You are asking Spring Security to ignore Ant [pattern='/resources/**']. This is not recommended -- please use permitAll via HttpSecurity#authorizeHttpRequests instead.
2022-11-26 14:12:11.470  INFO 31660 --- [    Test worker] o.s.s.web.DefaultSecurityFilterChain     : Will not secure Ant [pattern='/resources/**']
2022-11-26 14:12:11.470  WARN 31660 --- [    Test worker] o.s.s.c.a.web.builders.WebSecurity       : You are asking Spring Security to ignore Ant [pattern='/*']. This is not recommended -- please use permitAll via HttpSecurity#authorizeHttpRequests instead.
2022-11-26 14:12:11.471  INFO 31660 --- [    Test worker] o.s.s.web.DefaultSecurityFilterChain     : Will not secure Ant [pattern='/*']
2022-11-26 14:12:11.513  WARN 31660 --- [    Test worker] JpaBaseConfiguration$JpaWebConfiguration : spring.jpa.open-in-view is enabled by default. Therefore, database queries may be performed during view rendering. Explicitly configure spring.jpa.open-in-view to disable this warning
2022-11-26 14:12:11.558  INFO 31660 --- [    Test worker] o.s.b.a.h2.H2ConsoleAutoConfiguration    : H2 console available at '/h2-console'. Database available at 'jdbc:h2:mem:web'
2022-11-26 14:12:11.662  INFO 31660 --- [    Test worker] o.s.b.t.m.w.SpringBootMockServletContext : Initializing Spring TestDispatcherServlet ''
2022-11-26 14:12:11.662  INFO 31660 --- [    Test worker] o.s.t.web.servlet.TestDispatcherServlet  : Initializing Servlet ''
2022-11-26 14:12:11.663  INFO 31660 --- [    Test worker] o.s.t.web.servlet.TestDispatcherServlet  : Completed initialization in 1 ms
2022-11-26 14:12:11.669  INFO 31660 --- [    Test worker] c.b.a.controller.HomeControllerTest      : Started HomeControllerTest in 0.684 seconds (JVM running for 12.16)
2022-11-26 14:12:11.676  INFO 31660 --- [    Test worker] c.b.account.service.CustomerServiceImpl  : Saving customer
2022-11-26 14:12:11.679  INFO 31660 --- [    Test worker] c.b.account.service.CustomerServiceImpl  : Loading customer
2022-11-26 14:12:11.683  INFO 31660 --- [    Test worker] c.b.account.service.CustomerServiceImpl  : Creating JWT
2022-11-26 14:12:11.737  INFO 31660 --- [    Test worker] c.b.account.service.CustomerServiceImpl  : Decoding token
2022-11-26 14:12:11.739  INFO 31660 --- [    Test worker] c.b.account.service.CustomerServiceImpl  : Checking JWT payload
2022-11-26 14:12:11.739  INFO 31660 --- [    Test worker] c.b.account.service.CustomerServiceImpl  : Finding customer in repository
2022-11-26 14:12:11.743  INFO 31660 --- [    Test worker] c.bank.account.service.RetrofitService   : Requesting currency rates from API
2022-11-26 14:12:12.192  INFO 31660 --- [    Test worker] c.b.account.service.AccountServiceImpl   : Creating transaction
2022-11-26 14:12:12.196  INFO 31660 --- [    Test worker] c.b.account.service.AccountServiceImpl   : Transaction not realised
]]></system-out>
  <system-err><![CDATA[]]></system-err>
</testsuite>
