<?xml version="1.0" encoding="UTF-8"?>
<testsuite name="com.bank.account.service.AccountServiceImplTest" tests="2" skipped="0" failures="0" errors="0" timestamp="2022-11-26T13:12:33" hostname="peter-B250-FinTech" time="0.254">
  <properties/>
  <testcase name="can_create_account_test()" classname="com.bank.account.service.AccountServiceImplTest" time="0.022"/>
  <testcase name="can_realise_transaction_test()" classname="com.bank.account.service.AccountServiceImplTest" time="0.232"/>
  <system-out><![CDATA[2022-11-26 14:12:33.224  INFO 31660 --- [    Test worker] .b.t.c.SpringBootTestContextBootstrapper : Neither @ContextConfiguration nor @ContextHierarchy found for test class [com.bank.account.service.AccountServiceImplTest], using SpringBootContextLoader
2022-11-26 14:12:33.225  INFO 31660 --- [    Test worker] o.s.t.c.support.AbstractContextLoader    : Could not detect default resource locations for test class [com.bank.account.service.AccountServiceImplTest]: no resource found for suffixes {-context.xml, Context.groovy}.
2022-11-26 14:12:33.225  INFO 31660 --- [    Test worker] t.c.s.AnnotationConfigContextLoaderUtils : Could not detect default configuration classes for test class [com.bank.account.service.AccountServiceImplTest]: AccountServiceImplTest does not declare any static, non-private, non-final, nested classes annotated with @Configuration.
2022-11-26 14:12:33.227  INFO 31660 --- [    Test worker] .b.t.c.SpringBootTestContextBootstrapper : Found @SpringBootConfiguration com.bank.account.BankApplication for test class com.bank.account.service.AccountServiceImplTest
2022-11-26 14:12:33.228  INFO 31660 --- [    Test worker] .b.t.c.SpringBootTestContextBootstrapper : Loaded default TestExecutionListener class names from location [META-INF/spring.factories]: [org.springframework.security.test.context.support.WithSecurityContextTestExecutionListener, org.springframework.security.test.context.support.ReactorContextTestExecutionListener, org.springframework.boot.test.autoconfigure.restdocs.RestDocsTestExecutionListener, org.springframework.boot.test.autoconfigure.web.client.MockRestServiceServerResetTestExecutionListener, org.springframework.boot.test.autoconfigure.web.servlet.MockMvcPrintOnlyOnFailureTestExecutionListener, org.springframework.boot.test.autoconfigure.web.servlet.WebDriverTestExecutionListener, org.springframework.boot.test.autoconfigure.webservices.client.MockWebServiceServerTestExecutionListener, org.springframework.boot.test.mock.mockito.MockitoTestExecutionListener, org.springframework.boot.test.mock.mockito.ResetMocksTestExecutionListener, org.springframework.test.context.web.ServletTestExecutionListener, org.springframework.test.context.support.DirtiesContextBeforeModesTestExecutionListener, org.springframework.test.context.event.ApplicationEventsTestExecutionListener, org.springframework.test.context.support.DependencyInjectionTestExecutionListener, org.springframework.test.context.support.DirtiesContextTestExecutionListener, org.springframework.test.context.transaction.TransactionalTestExecutionListener, org.springframework.test.context.jdbc.SqlScriptsTestExecutionListener, org.springframework.test.context.event.EventPublishingTestExecutionListener]
2022-11-26 14:12:33.228  INFO 31660 --- [    Test worker] .b.t.c.SpringBootTestContextBootstrapper : Using TestExecutionListeners: [org.springframework.test.context.web.ServletTestExecutionListener@492b1840, org.springframework.test.context.support.DirtiesContextBeforeModesTestExecutionListener@42d605ac, org.springframework.test.context.event.ApplicationEventsTestExecutionListener@1805656e, org.springframework.boot.test.mock.mockito.MockitoTestExecutionListener@3d3d9165, org.springframework.boot.test.autoconfigure.SpringBootDependencyInjectionTestExecutionListener@2c45779a, org.springframework.test.context.support.DirtiesContextTestExecutionListener@5e4cecdb, org.springframework.test.context.transaction.TransactionalTestExecutionListener@6d51cc69, org.springframework.test.context.jdbc.SqlScriptsTestExecutionListener@3cb6de1f, org.springframework.security.test.context.support.WithSecurityContextTestExecutionListener@3b4897b4, org.springframework.test.context.event.EventPublishingTestExecutionListener@2db9e32, org.springframework.security.test.context.support.ReactorContextTestExecutionListener@618a2884, org.springframework.boot.test.autoconfigure.restdocs.RestDocsTestExecutionListener@6bc6448c, org.springframework.boot.test.autoconfigure.web.client.MockRestServiceServerResetTestExecutionListener@14cc8b77, org.springframework.boot.test.autoconfigure.web.servlet.MockMvcPrintOnlyOnFailureTestExecutionListener@4a38bdd2, org.springframework.boot.test.autoconfigure.web.servlet.WebDriverTestExecutionListener@7ac67219, org.springframework.boot.test.autoconfigure.webservices.client.MockWebServiceServerTestExecutionListener@237dbbe9, org.springframework.boot.test.mock.mockito.ResetMocksTestExecutionListener@531a1bc2]
2022-11-26 14:12:33.242  INFO 31660 --- [    Test worker] c.b.account.service.AccountServiceImpl   : Creating new Account
2022-11-26 14:12:33.255  INFO 31660 --- [    Test worker] o.s.t.c.transaction.TransactionContext   : Began transaction (1) for test context [DefaultTestContext@39f60527 testClass = AccountServiceImplTest, testInstance = com.bank.account.service.AccountServiceImplTest@2276b16a, testMethod = can_realise_transaction_test@AccountServiceImplTest, testException = [null], mergedContextConfiguration = [WebMergedContextConfiguration@1c1050c1 testClass = AccountServiceImplTest, locations = '{}', classes = '{class com.bank.account.BankApplication}', contextInitializerClasses = '[]', activeProfiles = '{}', propertySourceLocations = '{}', propertySourceProperties = '{org.springframework.boot.test.context.SpringBootTestContextBootstrapper=true}', contextCustomizers = set[org.springframework.boot.test.autoconfigure.actuate.metrics.MetricsExportContextCustomizerFactory$DisableMetricExportContextCustomizer@3bec2275, org.springframework.boot.test.autoconfigure.properties.PropertyMappingContextCustomizer@0, org.springframework.boot.test.autoconfigure.web.servlet.WebDriverContextCustomizerFactory$Customizer@38c2c309, org.springframework.boot.test.context.filter.ExcludeFilterContextCustomizer@2875b016, org.springframework.boot.test.json.DuplicateJsonObjectContextCustomizerFactory$DuplicateJsonObjectContextCustomizer@5d01ea21, org.springframework.boot.test.mock.mockito.MockitoContextCustomizer@0, org.springframework.boot.test.web.client.TestRestTemplateContextCustomizer@64a9d48c, org.springframework.boot.test.context.SpringBootTestArgs@1, org.springframework.boot.test.context.SpringBootTestWebEnvironment@79145d5a], resourceBasePath = 'src/main/webapp', contextLoader = 'org.springframework.boot.test.context.SpringBootContextLoader', parent = [null]], attributes = map['org.springframework.test.context.web.ServletTestExecutionListener.activateListener' -> true, 'org.springframework.test.context.web.ServletTestExecutionListener.populatedRequestContextHolder' -> true, 'org.springframework.test.context.web.ServletTestExecutionListener.resetRequestContextHolder' -> true, 'org.springframework.test.context.event.ApplicationEventsTestExecutionListener.recordApplicationEvents' -> false]]; transaction manager [org.springframework.orm.jpa.JpaTransactionManager@52ef414a]; rollback [true]
2022-11-26 14:12:33.260  INFO 31660 --- [    Test worker] c.bank.account.service.RetrofitService   : Requesting currency rates from API
2022-11-26 14:12:33.431  INFO 31660 --- [    Test worker] c.b.account.service.AccountServiceImpl   : Creating transaction
2022-11-26 14:12:33.447  INFO 31660 --- [    Test worker] c.b.account.service.AccountServiceImpl   : Transaction not realised
2022-11-26 14:12:33.481  INFO 31660 --- [    Test worker] o.s.t.c.transaction.TransactionContext   : Rolled back transaction for test: [DefaultTestContext@39f60527 testClass = AccountServiceImplTest, testInstance = com.bank.account.service.AccountServiceImplTest@2276b16a, testMethod = can_realise_transaction_test@AccountServiceImplTest, testException = [null], mergedContextConfiguration = [WebMergedContextConfiguration@1c1050c1 testClass = AccountServiceImplTest, locations = '{}', classes = '{class com.bank.account.BankApplication}', contextInitializerClasses = '[]', activeProfiles = '{}', propertySourceLocations = '{}', propertySourceProperties = '{org.springframework.boot.test.context.SpringBootTestContextBootstrapper=true}', contextCustomizers = set[org.springframework.boot.test.autoconfigure.actuate.metrics.MetricsExportContextCustomizerFactory$DisableMetricExportContextCustomizer@3bec2275, org.springframework.boot.test.autoconfigure.properties.PropertyMappingContextCustomizer@0, org.springframework.boot.test.autoconfigure.web.servlet.WebDriverContextCustomizerFactory$Customizer@38c2c309, org.springframework.boot.test.context.filter.ExcludeFilterContextCustomizer@2875b016, org.springframework.boot.test.json.DuplicateJsonObjectContextCustomizerFactory$DuplicateJsonObjectContextCustomizer@5d01ea21, org.springframework.boot.test.mock.mockito.MockitoContextCustomizer@0, org.springframework.boot.test.web.client.TestRestTemplateContextCustomizer@64a9d48c, org.springframework.boot.test.context.SpringBootTestArgs@1, org.springframework.boot.test.context.SpringBootTestWebEnvironment@79145d5a], resourceBasePath = 'src/main/webapp', contextLoader = 'org.springframework.boot.test.context.SpringBootContextLoader', parent = [null]], attributes = map['org.springframework.test.context.web.ServletTestExecutionListener.activateListener' -> true, 'org.springframework.test.context.web.ServletTestExecutionListener.populatedRequestContextHolder' -> true, 'org.springframework.test.context.web.ServletTestExecutionListener.resetRequestContextHolder' -> true, 'org.springframework.test.context.event.ApplicationEventsTestExecutionListener.recordApplicationEvents' -> false]]
]]></system-out>
  <system-err><![CDATA[]]></system-err>
</testsuite>
