<?xml version="1.0" encoding="UTF-8"?>
<testsuite name="com.bank.account.service.AccountServiceImplTest" tests="1" skipped="0" failures="0" errors="0" timestamp="2022-10-28T14:31:45" hostname="peter-B250-FinTech" time="0.839">
  <properties/>
  <testcase name="can_realise_transaction_test()" classname="com.bank.account.service.AccountServiceImplTest" time="0.839"/>
  <system-out><![CDATA[16:31:40.540 [Test worker] DEBUG org.springframework.test.context.BootstrapUtils - Instantiating CacheAwareContextLoaderDelegate from class [org.springframework.test.context.cache.DefaultCacheAwareContextLoaderDelegate]
16:31:40.558 [Test worker] DEBUG org.springframework.test.context.BootstrapUtils - Instantiating BootstrapContext using constructor [public org.springframework.test.context.support.DefaultBootstrapContext(java.lang.Class,org.springframework.test.context.CacheAwareContextLoaderDelegate)]
16:31:40.604 [Test worker] DEBUG org.springframework.test.context.BootstrapUtils - Instantiating TestContextBootstrapper for test class [com.bank.account.service.AccountServiceImplTest] from class [org.springframework.boot.test.context.SpringBootTestContextBootstrapper]
16:31:40.617 [Test worker] INFO org.springframework.boot.test.context.SpringBootTestContextBootstrapper - Neither @ContextConfiguration nor @ContextHierarchy found for test class [com.bank.account.service.AccountServiceImplTest], using SpringBootContextLoader
16:31:40.622 [Test worker] DEBUG org.springframework.test.context.support.AbstractContextLoader - Did not detect default resource location for test class [com.bank.account.service.AccountServiceImplTest]: class path resource [com/bank/account/service/AccountServiceImplTest-context.xml] does not exist
16:31:40.623 [Test worker] DEBUG org.springframework.test.context.support.AbstractContextLoader - Did not detect default resource location for test class [com.bank.account.service.AccountServiceImplTest]: class path resource [com/bank/account/service/AccountServiceImplTestContext.groovy] does not exist
16:31:40.623 [Test worker] INFO org.springframework.test.context.support.AbstractContextLoader - Could not detect default resource locations for test class [com.bank.account.service.AccountServiceImplTest]: no resource found for suffixes {-context.xml, Context.groovy}.
16:31:40.624 [Test worker] INFO org.springframework.test.context.support.AnnotationConfigContextLoaderUtils - Could not detect default configuration classes for test class [com.bank.account.service.AccountServiceImplTest]: AccountServiceImplTest does not declare any static, non-private, non-final, nested classes annotated with @Configuration.
16:31:40.685 [Test worker] DEBUG org.springframework.test.context.support.ActiveProfilesUtils - Could not find an 'annotation declaring class' for annotation type [org.springframework.test.context.ActiveProfiles] and class [com.bank.account.service.AccountServiceImplTest]
16:31:40.772 [Test worker] DEBUG org.springframework.context.annotation.ClassPathScanningCandidateComponentProvider - Identified candidate component class: file [/home/peter/Documents/Greenfox/bank_account_project/build/classes/java/main/com/bank/account/BankApplication.class]
16:31:40.773 [Test worker] INFO org.springframework.boot.test.context.SpringBootTestContextBootstrapper - Found @SpringBootConfiguration com.bank.account.BankApplication for test class com.bank.account.service.AccountServiceImplTest
16:31:40.877 [Test worker] DEBUG org.springframework.boot.test.context.SpringBootTestContextBootstrapper - @TestExecutionListeners is not present for class [com.bank.account.service.AccountServiceImplTest]: using defaults.
16:31:40.878 [Test worker] INFO org.springframework.boot.test.context.SpringBootTestContextBootstrapper - Loaded default TestExecutionListener class names from location [META-INF/spring.factories]: [org.springframework.security.test.context.support.WithSecurityContextTestExecutionListener, org.springframework.security.test.context.support.ReactorContextTestExecutionListener, org.springframework.boot.test.autoconfigure.restdocs.RestDocsTestExecutionListener, org.springframework.boot.test.autoconfigure.web.client.MockRestServiceServerResetTestExecutionListener, org.springframework.boot.test.autoconfigure.web.servlet.MockMvcPrintOnlyOnFailureTestExecutionListener, org.springframework.boot.test.autoconfigure.web.servlet.WebDriverTestExecutionListener, org.springframework.boot.test.autoconfigure.webservices.client.MockWebServiceServerTestExecutionListener, org.springframework.boot.test.mock.mockito.MockitoTestExecutionListener, org.springframework.boot.test.mock.mockito.ResetMocksTestExecutionListener, org.springframework.test.context.web.ServletTestExecutionListener, org.springframework.test.context.support.DirtiesContextBeforeModesTestExecutionListener, org.springframework.test.context.event.ApplicationEventsTestExecutionListener, org.springframework.test.context.support.DependencyInjectionTestExecutionListener, org.springframework.test.context.support.DirtiesContextTestExecutionListener, org.springframework.test.context.transaction.TransactionalTestExecutionListener, org.springframework.test.context.jdbc.SqlScriptsTestExecutionListener, org.springframework.test.context.event.EventPublishingTestExecutionListener]
16:31:40.904 [Test worker] INFO org.springframework.boot.test.context.SpringBootTestContextBootstrapper - Using TestExecutionListeners: [org.springframework.test.context.web.ServletTestExecutionListener@17410c07, org.springframework.test.context.support.DirtiesContextBeforeModesTestExecutionListener@6ee99964, org.springframework.test.context.event.ApplicationEventsTestExecutionListener@257ef9ed, org.springframework.boot.test.mock.mockito.MockitoTestExecutionListener@59c70ceb, org.springframework.boot.test.autoconfigure.SpringBootDependencyInjectionTestExecutionListener@46f902e0, org.springframework.test.context.support.DirtiesContextTestExecutionListener@64f981e2, org.springframework.test.context.transaction.TransactionalTestExecutionListener@361abd01, org.springframework.test.context.jdbc.SqlScriptsTestExecutionListener@575b5f7d, org.springframework.security.test.context.support.WithSecurityContextTestExecutionListener@59bbb974, org.springframework.test.context.event.EventPublishingTestExecutionListener@7165d530, org.springframework.security.test.context.support.ReactorContextTestExecutionListener@12f49ca8, org.springframework.boot.test.autoconfigure.restdocs.RestDocsTestExecutionListener@1fd9893c, org.springframework.boot.test.autoconfigure.web.client.MockRestServiceServerResetTestExecutionListener@1b2df3aa, org.springframework.boot.test.autoconfigure.web.servlet.MockMvcPrintOnlyOnFailureTestExecutionListener@44be69aa, org.springframework.boot.test.autoconfigure.web.servlet.WebDriverTestExecutionListener@7219ac49, org.springframework.boot.test.autoconfigure.webservices.client.MockWebServiceServerTestExecutionListener@21da4b5f, org.springframework.boot.test.mock.mockito.ResetMocksTestExecutionListener@551e4c6d]
16:31:40.907 [Test worker] DEBUG org.springframework.test.context.support.AbstractDirtiesContextTestExecutionListener - Before test class: context [DefaultTestContext@30839e44 testClass = AccountServiceImplTest, testInstance = [null], testMethod = [null], testException = [null], mergedContextConfiguration = [WebMergedContextConfiguration@5f174dd2 testClass = AccountServiceImplTest, locations = '{}', classes = '{class com.bank.account.BankApplication}', contextInitializerClasses = '[]', activeProfiles = '{}', propertySourceLocations = '{}', propertySourceProperties = '{org.springframework.boot.test.context.SpringBootTestContextBootstrapper=true}', contextCustomizers = set[org.springframework.boot.test.autoconfigure.actuate.metrics.MetricsExportContextCustomizerFactory$DisableMetricExportContextCustomizer@6eb82908, org.springframework.boot.test.autoconfigure.properties.PropertyMappingContextCustomizer@0, org.springframework.boot.test.autoconfigure.web.servlet.WebDriverContextCustomizerFactory$Customizer@23202c31, org.springframework.boot.test.context.filter.ExcludeFilterContextCustomizer@3506d826, org.springframework.boot.test.json.DuplicateJsonObjectContextCustomizerFactory$DuplicateJsonObjectContextCustomizer@7a22a3c2, org.springframework.boot.test.mock.mockito.MockitoContextCustomizer@0, org.springframework.boot.test.web.client.TestRestTemplateContextCustomizer@2881ad47, org.springframework.boot.test.context.SpringBootTestArgs@1, org.springframework.boot.test.context.SpringBootTestWebEnvironment@40c80397], resourceBasePath = 'src/main/webapp', contextLoader = 'org.springframework.boot.test.context.SpringBootContextLoader', parent = [null]], attributes = map['org.springframework.test.context.web.ServletTestExecutionListener.activateListener' -> true]], class annotated with @DirtiesContext [false] with mode [null].

  .   ____          _            __ _ _
 /\\ / ___'_ __ _ _(_)_ __  __ _ \ \ \ \
( ( )\___ | '_ | '_| | '_ \/ _` | \ \ \ \
 \\/  ___)| |_)| | | | | || (_| |  ) ) ) )
  '  |____| .__|_| |_|_| |_\__, | / / / /
 =========|_|==============|___/=/_/_/_/
 :: Spring Boot ::                (v2.7.4)

2022-10-28 16:31:41.223  INFO 24052 --- [    Test worker] c.b.a.service.AccountServiceImplTest     : Starting AccountServiceImplTest using Java 16.0.2 on peter-B250-FinTech with PID 24052 (started by peter in /home/peter/Documents/Greenfox/bank_account_project)
2022-10-28 16:31:41.224  INFO 24052 --- [    Test worker] c.b.a.service.AccountServiceImplTest     : No active profile set, falling back to 1 default profile: "default"
2022-10-28 16:31:41.927  INFO 24052 --- [    Test worker] .s.d.r.c.RepositoryConfigurationDelegate : Bootstrapping Spring Data JPA repositories in DEFAULT mode.
2022-10-28 16:31:41.988  INFO 24052 --- [    Test worker] .s.d.r.c.RepositoryConfigurationDelegate : Finished Spring Data repository scanning in 51 ms. Found 5 JPA repository interfaces.
2022-10-28 16:31:42.574  INFO 24052 --- [    Test worker] o.f.c.internal.license.VersionPrinter    : Flyway Community Edition 9.4.0 by Redgate
2022-10-28 16:31:42.575  INFO 24052 --- [    Test worker] o.f.c.internal.license.VersionPrinter    : See what's new here: https://flywaydb.org/documentation/learnmore/releaseNotes#9.4.0
2022-10-28 16:31:42.575  INFO 24052 --- [    Test worker] o.f.c.internal.license.VersionPrinter    : 
2022-10-28 16:31:42.589  INFO 24052 --- [    Test worker] com.zaxxer.hikari.HikariDataSource       : HikariPool-1 - Starting...
2022-10-28 16:31:42.953  INFO 24052 --- [    Test worker] com.zaxxer.hikari.HikariDataSource       : HikariPool-1 - Start completed.
2022-10-28 16:31:42.988  INFO 24052 --- [    Test worker] o.f.c.i.database.base.BaseDatabaseType   : Database: jdbc:mysql://localhost/bank (MySQL 8.0)
2022-10-28 16:31:43.033  INFO 24052 --- [    Test worker] o.f.c.i.s.JdbcTableSchemaHistory         : Repair of failed migration in Schema History table `bank`.`flyway_schema_history` not necessary. No failed migration detected.
2022-10-28 16:31:43.056  INFO 24052 --- [    Test worker] o.f.core.internal.command.DbRepair       : Successfully repaired schema history table `bank`.`flyway_schema_history` (execution time 00:00.045s).
2022-10-28 16:31:43.087  INFO 24052 --- [    Test worker] o.f.core.internal.command.DbValidate     : Successfully validated 8 migrations (execution time 00:00.010s)
2022-10-28 16:31:43.104  INFO 24052 --- [    Test worker] o.f.core.internal.command.DbMigrate      : Current version of schema `bank`: 7
2022-10-28 16:31:43.105  INFO 24052 --- [    Test worker] o.f.core.internal.command.DbMigrate      : Schema `bank` is up to date. No migration necessary.
2022-10-28 16:31:43.286  INFO 24052 --- [    Test worker] o.hibernate.jpa.internal.util.LogHelper  : HHH000204: Processing PersistenceUnitInfo [name: default]
2022-10-28 16:31:43.334  INFO 24052 --- [    Test worker] org.hibernate.Version                    : HHH000412: Hibernate ORM core version 5.6.11.Final
2022-10-28 16:31:43.493  INFO 24052 --- [    Test worker] o.hibernate.annotations.common.Version   : HCANN000001: Hibernate Commons Annotations {5.1.2.Final}
2022-10-28 16:31:43.603  INFO 24052 --- [    Test worker] org.hibernate.dialect.Dialect            : HHH000400: Using dialect: org.hibernate.dialect.MySQL5Dialect
2022-10-28 16:31:44.207  INFO 24052 --- [    Test worker] o.h.e.t.j.p.i.JtaPlatformInitiator       : HHH000490: Using JtaPlatform implementation: [org.hibernate.engine.transaction.jta.platform.internal.NoJtaPlatform]
2022-10-28 16:31:44.216  INFO 24052 --- [    Test worker] j.LocalContainerEntityManagerFactoryBean : Initialized JPA EntityManagerFactory for persistence unit 'default'
2022-10-28 16:31:44.863  INFO 24052 --- [    Test worker] o.s.s.web.DefaultSecurityFilterChain     : Will secure any request with [org.springframework.security.web.session.DisableEncodeUrlFilter@b55152c, org.springframework.security.web.context.request.async.WebAsyncManagerIntegrationFilter@6848a393, org.springframework.security.web.context.SecurityContextPersistenceFilter@634851c1, org.springframework.security.web.header.HeaderWriterFilter@1db5ad28, org.springframework.security.web.authentication.logout.LogoutFilter@1838cb5b, com.bank.account.security.CustomAuthorizationFilter@56625ce9, org.springframework.security.web.savedrequest.RequestCacheAwareFilter@633301e2, org.springframework.security.web.servletapi.SecurityContextHolderAwareRequestFilter@79833638, org.springframework.security.web.authentication.AnonymousAuthenticationFilter@55dfdcd0, org.springframework.security.web.session.SessionManagementFilter@68c1e15d, org.springframework.security.web.access.ExceptionTranslationFilter@243e9282]
2022-10-28 16:31:44.871  WARN 24052 --- [    Test worker] o.s.s.c.a.web.builders.WebSecurity       : You are asking Spring Security to ignore Ant [pattern='/api/login/**']. This is not recommended -- please use permitAll via HttpSecurity#authorizeHttpRequests instead.
2022-10-28 16:31:44.871  INFO 24052 --- [    Test worker] o.s.s.web.DefaultSecurityFilterChain     : Will not secure Ant [pattern='/api/login/**']
2022-10-28 16:31:44.871  WARN 24052 --- [    Test worker] o.s.s.c.a.web.builders.WebSecurity       : You are asking Spring Security to ignore Ant [pattern='/api/register/**']. This is not recommended -- please use permitAll via HttpSecurity#authorizeHttpRequests instead.
2022-10-28 16:31:44.872  INFO 24052 --- [    Test worker] o.s.s.web.DefaultSecurityFilterChain     : Will not secure Ant [pattern='/api/register/**']
2022-10-28 16:31:44.872  WARN 24052 --- [    Test worker] o.s.s.c.a.web.builders.WebSecurity       : You are asking Spring Security to ignore Ant [pattern='/api/information/**']. This is not recommended -- please use permitAll via HttpSecurity#authorizeHttpRequests instead.
2022-10-28 16:31:44.872  INFO 24052 --- [    Test worker] o.s.s.web.DefaultSecurityFilterChain     : Will not secure Ant [pattern='/api/information/**']
2022-10-28 16:31:44.872  WARN 24052 --- [    Test worker] o.s.s.c.a.web.builders.WebSecurity       : You are asking Spring Security to ignore Ant [pattern='/api/verification/**']. This is not recommended -- please use permitAll via HttpSecurity#authorizeHttpRequests instead.
2022-10-28 16:31:44.872  INFO 24052 --- [    Test worker] o.s.s.web.DefaultSecurityFilterChain     : Will not secure Ant [pattern='/api/verification/**']
2022-10-28 16:31:44.872  WARN 24052 --- [    Test worker] o.s.s.c.a.web.builders.WebSecurity       : You are asking Spring Security to ignore Ant [pattern='/resources/**']. This is not recommended -- please use permitAll via HttpSecurity#authorizeHttpRequests instead.
2022-10-28 16:31:44.873  INFO 24052 --- [    Test worker] o.s.s.web.DefaultSecurityFilterChain     : Will not secure Ant [pattern='/resources/**']
2022-10-28 16:31:44.873  WARN 24052 --- [    Test worker] o.s.s.c.a.web.builders.WebSecurity       : You are asking Spring Security to ignore Ant [pattern='/*']. This is not recommended -- please use permitAll via HttpSecurity#authorizeHttpRequests instead.
2022-10-28 16:31:44.873  INFO 24052 --- [    Test worker] o.s.s.web.DefaultSecurityFilterChain     : Will not secure Ant [pattern='/*']
2022-10-28 16:31:45.044  WARN 24052 --- [    Test worker] JpaBaseConfiguration$JpaWebConfiguration : spring.jpa.open-in-view is enabled by default. Therefore, database queries may be performed during view rendering. Explicitly configure spring.jpa.open-in-view to disable this warning
2022-10-28 16:31:45.610  INFO 24052 --- [    Test worker] c.b.a.service.AccountServiceImplTest     : Started AccountServiceImplTest in 4.664 seconds (JVM running for 5.942)
2022-10-28 16:31:45.637  INFO 24052 --- [    Test worker] o.s.t.c.transaction.TransactionContext   : Began transaction (1) for test context [DefaultTestContext@30839e44 testClass = AccountServiceImplTest, testInstance = com.bank.account.service.AccountServiceImplTest@24487ac9, testMethod = can_realise_transaction_test@AccountServiceImplTest, testException = [null], mergedContextConfiguration = [WebMergedContextConfiguration@5f174dd2 testClass = AccountServiceImplTest, locations = '{}', classes = '{class com.bank.account.BankApplication}', contextInitializerClasses = '[]', activeProfiles = '{}', propertySourceLocations = '{}', propertySourceProperties = '{org.springframework.boot.test.context.SpringBootTestContextBootstrapper=true}', contextCustomizers = set[org.springframework.boot.test.autoconfigure.actuate.metrics.MetricsExportContextCustomizerFactory$DisableMetricExportContextCustomizer@6eb82908, org.springframework.boot.test.autoconfigure.properties.PropertyMappingContextCustomizer@0, org.springframework.boot.test.autoconfigure.web.servlet.WebDriverContextCustomizerFactory$Customizer@23202c31, org.springframework.boot.test.context.filter.ExcludeFilterContextCustomizer@3506d826, org.springframework.boot.test.json.DuplicateJsonObjectContextCustomizerFactory$DuplicateJsonObjectContextCustomizer@7a22a3c2, org.springframework.boot.test.mock.mockito.MockitoContextCustomizer@0, org.springframework.boot.test.web.client.TestRestTemplateContextCustomizer@2881ad47, org.springframework.boot.test.context.SpringBootTestArgs@1, org.springframework.boot.test.context.SpringBootTestWebEnvironment@40c80397], resourceBasePath = 'src/main/webapp', contextLoader = 'org.springframework.boot.test.context.SpringBootContextLoader', parent = [null]], attributes = map['org.springframework.test.context.web.ServletTestExecutionListener.activateListener' -> true, 'org.springframework.test.context.web.ServletTestExecutionListener.populatedRequestContextHolder' -> true, 'org.springframework.test.context.web.ServletTestExecutionListener.resetRequestContextHolder' -> true, 'org.springframework.test.context.event.ApplicationEventsTestExecutionListener.recordApplicationEvents' -> false]]; transaction manager [org.springframework.orm.jpa.JpaTransactionManager@6f6d6e66]; rollback [true]
Hibernate: 
    select
        transactio0_.id as id1_5_,
        transactio0_.amount as amount2_5_,
        transactio0_.currency as currency3_5_,
        transactio0_.customer_customer_id as customer8_5_,
        transactio0_.from_iban as from_iba4_5_,
        transactio0_.realisation_date as realisat5_5_,
        transactio0_.status as status6_5_,
        transactio0_.to_iban as to_iban7_5_ 
    from
        transactions transactio0_
Hibernate: 
    select
        account0_.account_id as account_1_0_,
        account0_.account_creation_date as account_2_0_,
        account0_.account_number as account_3_0_,
        account0_.account_type as account_4_0_,
        account0_.balance as balance5_0_,
        account0_.currency as currency6_0_,
        account0_.customer_customer_id as customer8_0_,
        account0_.iban as iban7_0_ 
    from
        accounts account0_ 
    where
        account0_.iban=?
Hibernate: 
    select
        account0_.account_id as account_1_0_,
        account0_.account_creation_date as account_2_0_,
        account0_.account_number as account_3_0_,
        account0_.account_type as account_4_0_,
        account0_.balance as balance5_0_,
        account0_.currency as currency6_0_,
        account0_.customer_customer_id as customer8_0_,
        account0_.iban as iban7_0_ 
    from
        accounts account0_ 
    where
        account0_.iban=?
2022-10-28 16:31:45.926  INFO 24052 --- [    Test worker] c.bank.account.service.RetrofitService   : Requesting currency rates from API
2022-10-28 16:31:46.380  INFO 24052 --- [    Test worker] c.b.account.service.AccountServiceImpl   : Creating transaction
Hibernate: 
    insert 
    into
        transactions
        (amount, currency, customer_customer_id, from_iban, realisation_date, status, to_iban) 
    values
        (?, ?, ?, ?, ?, ?, ?)
Hibernate: 
    insert 
    into
        customers
        (birth_date, email, enabled, for_name, login_number, password, sur_name) 
    values
        (?, ?, ?, ?, ?, ?, ?)
2022-10-28 16:31:46.428  INFO 24052 --- [    Test worker] c.b.account.service.AccountServiceImpl   : Transaction not realised
Hibernate: 
    update
        transactions 
    set
        amount=?,
        currency=?,
        customer_customer_id=?,
        from_iban=?,
        realisation_date=?,
        status=?,
        to_iban=? 
    where
        id=?
Hibernate: 
    select
        transactio0_.id as id1_5_,
        transactio0_.amount as amount2_5_,
        transactio0_.currency as currency3_5_,
        transactio0_.customer_customer_id as customer8_5_,
        transactio0_.from_iban as from_iba4_5_,
        transactio0_.realisation_date as realisat5_5_,
        transactio0_.status as status6_5_,
        transactio0_.to_iban as to_iban7_5_ 
    from
        transactions transactio0_ 
    where
        transactio0_.id=?
2022-10-28 16:31:46.464  INFO 24052 --- [    Test worker] o.s.t.c.transaction.TransactionContext   : Rolled back transaction for test: [DefaultTestContext@30839e44 testClass = AccountServiceImplTest, testInstance = com.bank.account.service.AccountServiceImplTest@24487ac9, testMethod = can_realise_transaction_test@AccountServiceImplTest, testException = [null], mergedContextConfiguration = [WebMergedContextConfiguration@5f174dd2 testClass = AccountServiceImplTest, locations = '{}', classes = '{class com.bank.account.BankApplication}', contextInitializerClasses = '[]', activeProfiles = '{}', propertySourceLocations = '{}', propertySourceProperties = '{org.springframework.boot.test.context.SpringBootTestContextBootstrapper=true}', contextCustomizers = set[org.springframework.boot.test.autoconfigure.actuate.metrics.MetricsExportContextCustomizerFactory$DisableMetricExportContextCustomizer@6eb82908, org.springframework.boot.test.autoconfigure.properties.PropertyMappingContextCustomizer@0, org.springframework.boot.test.autoconfigure.web.servlet.WebDriverContextCustomizerFactory$Customizer@23202c31, org.springframework.boot.test.context.filter.ExcludeFilterContextCustomizer@3506d826, org.springframework.boot.test.json.DuplicateJsonObjectContextCustomizerFactory$DuplicateJsonObjectContextCustomizer@7a22a3c2, org.springframework.boot.test.mock.mockito.MockitoContextCustomizer@0, org.springframework.boot.test.web.client.TestRestTemplateContextCustomizer@2881ad47, org.springframework.boot.test.context.SpringBootTestArgs@1, org.springframework.boot.test.context.SpringBootTestWebEnvironment@40c80397], resourceBasePath = 'src/main/webapp', contextLoader = 'org.springframework.boot.test.context.SpringBootContextLoader', parent = [null]], attributes = map['org.springframework.test.context.web.ServletTestExecutionListener.activateListener' -> true, 'org.springframework.test.context.web.ServletTestExecutionListener.populatedRequestContextHolder' -> true, 'org.springframework.test.context.web.ServletTestExecutionListener.resetRequestContextHolder' -> true, 'org.springframework.test.context.event.ApplicationEventsTestExecutionListener.recordApplicationEvents' -> false]]
]]></system-out>
  <system-err><![CDATA[]]></system-err>
</testsuite>
