<?xml version="1.0" encoding="UTF-8"?>
<testsuite name="com.bank.account.advice.CustomerExceptionHandlerTest" tests="3" skipped="0" failures="0" errors="0" timestamp="2022-11-26T13:12:06" hostname="peter-B250-FinTech" time="0.012">
  <properties/>
  <testcase name="handleInvalidConfirmationTokenException()" classname="com.bank.account.advice.CustomerExceptionHandlerTest" time="0.003"/>
  <testcase name="handleRegistrationException()" classname="com.bank.account.advice.CustomerExceptionHandlerTest" time="0.003"/>
  <testcase name="handleLoginException()" classname="com.bank.account.advice.CustomerExceptionHandlerTest" time="0.003"/>
  <system-out><![CDATA[2022-11-26 14:12:06.464  INFO 31660 --- [    Test worker] .b.t.c.SpringBootTestContextBootstrapper : Neither @ContextConfiguration nor @ContextHierarchy found for test class [com.bank.account.advice.CustomerExceptionHandlerTest], using SpringBootContextLoader
2022-11-26 14:12:06.464  INFO 31660 --- [    Test worker] o.s.t.c.support.AbstractContextLoader    : Could not detect default resource locations for test class [com.bank.account.advice.CustomerExceptionHandlerTest]: no resource found for suffixes {-context.xml, Context.groovy}.
2022-11-26 14:12:06.464  INFO 31660 --- [    Test worker] t.c.s.AnnotationConfigContextLoaderUtils : Could not detect default configuration classes for test class [com.bank.account.advice.CustomerExceptionHandlerTest]: CustomerExceptionHandlerTest does not declare any static, non-private, non-final, nested classes annotated with @Configuration.
2022-11-26 14:12:06.466  INFO 31660 --- [    Test worker] .b.t.c.SpringBootTestContextBootstrapper : Found @SpringBootConfiguration com.bank.account.BankApplication for test class com.bank.account.advice.CustomerExceptionHandlerTest
2022-11-26 14:12:06.467  INFO 31660 --- [    Test worker] .b.t.c.SpringBootTestContextBootstrapper : Loaded default TestExecutionListener class names from location [META-INF/spring.factories]: [org.springframework.security.test.context.support.WithSecurityContextTestExecutionListener, org.springframework.security.test.context.support.ReactorContextTestExecutionListener, org.springframework.boot.test.autoconfigure.restdocs.RestDocsTestExecutionListener, org.springframework.boot.test.autoconfigure.web.client.MockRestServiceServerResetTestExecutionListener, org.springframework.boot.test.autoconfigure.web.servlet.MockMvcPrintOnlyOnFailureTestExecutionListener, org.springframework.boot.test.autoconfigure.web.servlet.WebDriverTestExecutionListener, org.springframework.boot.test.autoconfigure.webservices.client.MockWebServiceServerTestExecutionListener, org.springframework.boot.test.mock.mockito.MockitoTestExecutionListener, org.springframework.boot.test.mock.mockito.ResetMocksTestExecutionListener, org.springframework.test.context.web.ServletTestExecutionListener, org.springframework.test.context.support.DirtiesContextBeforeModesTestExecutionListener, org.springframework.test.context.event.ApplicationEventsTestExecutionListener, org.springframework.test.context.support.DependencyInjectionTestExecutionListener, org.springframework.test.context.support.DirtiesContextTestExecutionListener, org.springframework.test.context.transaction.TransactionalTestExecutionListener, org.springframework.test.context.jdbc.SqlScriptsTestExecutionListener, org.springframework.test.context.event.EventPublishingTestExecutionListener]
2022-11-26 14:12:06.468  INFO 31660 --- [    Test worker] .b.t.c.SpringBootTestContextBootstrapper : Using TestExecutionListeners: [org.springframework.test.context.web.ServletTestExecutionListener@7c17c87e, org.springframework.test.context.support.DirtiesContextBeforeModesTestExecutionListener@4795fe87, org.springframework.test.context.event.ApplicationEventsTestExecutionListener@66353861, org.springframework.boot.test.mock.mockito.MockitoTestExecutionListener@e8cc2e8, org.springframework.boot.test.autoconfigure.SpringBootDependencyInjectionTestExecutionListener@4c9aaf7f, org.springframework.test.context.support.DirtiesContextTestExecutionListener@249301ad, org.springframework.test.context.transaction.TransactionalTestExecutionListener@6b2ac36e, org.springframework.test.context.jdbc.SqlScriptsTestExecutionListener@3d9d761, org.springframework.security.test.context.support.WithSecurityContextTestExecutionListener@1aa16132, org.springframework.test.context.event.EventPublishingTestExecutionListener@268385a2, org.springframework.security.test.context.support.ReactorContextTestExecutionListener@1b8f03af, org.springframework.boot.test.autoconfigure.restdocs.RestDocsTestExecutionListener@5620bd60, org.springframework.boot.test.autoconfigure.web.client.MockRestServiceServerResetTestExecutionListener@4719fe67, org.springframework.boot.test.autoconfigure.web.servlet.MockMvcPrintOnlyOnFailureTestExecutionListener@7d8dcdb3, org.springframework.boot.test.autoconfigure.web.servlet.WebDriverTestExecutionListener@1e7c2bd6, org.springframework.boot.test.autoconfigure.webservices.client.MockWebServiceServerTestExecutionListener@4d645ec4, org.springframework.boot.test.mock.mockito.ResetMocksTestExecutionListener@45066bc9]
]]></system-out>
  <system-err><![CDATA[]]></system-err>
</testsuite>
