<?xml version="1.0" encoding="UTF-8"?>
<testsuite name="com.bank.account.controller.LoginAndRegistrationControllerTest" tests="3" skipped="0" failures="0" errors="0" timestamp="2022-10-27T15:50:55" hostname="peter-B250-FinTech" time="21.282">
  <properties/>
  <testcase name="emailConfirmation()" classname="com.bank.account.controller.LoginAndRegistrationControllerTest" time="0.028"/>
  <testcase name="can_register_data_test()" classname="com.bank.account.controller.LoginAndRegistrationControllerTest" time="21.229"/>
  <testcase name="can_get_not_found_status()" classname="com.bank.account.controller.LoginAndRegistrationControllerTest" time="0.023"/>
  <system-out><![CDATA[2022-10-27 17:50:55.648  INFO 22830 --- [    Test worker] .b.t.c.SpringBootTestContextBootstrapper : Neither @ContextConfiguration nor @ContextHierarchy found for test class [com.bank.account.controller.LoginAndRegistrationControllerTest], using SpringBootContextLoader
2022-10-27 17:50:55.649  INFO 22830 --- [    Test worker] o.s.t.c.support.AbstractContextLoader    : Could not detect default resource locations for test class [com.bank.account.controller.LoginAndRegistrationControllerTest]: no resource found for suffixes {-context.xml, Context.groovy}.
2022-10-27 17:50:55.649  INFO 22830 --- [    Test worker] t.c.s.AnnotationConfigContextLoaderUtils : Could not detect default configuration classes for test class [com.bank.account.controller.LoginAndRegistrationControllerTest]: LoginAndRegistrationControllerTest does not declare any static, non-private, non-final, nested classes annotated with @Configuration.
2022-10-27 17:50:55.652  INFO 22830 --- [    Test worker] .b.t.c.SpringBootTestContextBootstrapper : Found @SpringBootConfiguration com.bank.account.BankApplication for test class com.bank.account.controller.LoginAndRegistrationControllerTest
2022-10-27 17:50:55.653  INFO 22830 --- [    Test worker] .b.t.c.SpringBootTestContextBootstrapper : Loaded default TestExecutionListener class names from location [META-INF/spring.factories]: [org.springframework.security.test.context.support.WithSecurityContextTestExecutionListener, org.springframework.security.test.context.support.ReactorContextTestExecutionListener, org.springframework.boot.test.autoconfigure.restdocs.RestDocsTestExecutionListener, org.springframework.boot.test.autoconfigure.web.client.MockRestServiceServerResetTestExecutionListener, org.springframework.boot.test.autoconfigure.web.servlet.MockMvcPrintOnlyOnFailureTestExecutionListener, org.springframework.boot.test.autoconfigure.web.servlet.WebDriverTestExecutionListener, org.springframework.boot.test.autoconfigure.webservices.client.MockWebServiceServerTestExecutionListener, org.springframework.boot.test.mock.mockito.MockitoTestExecutionListener, org.springframework.boot.test.mock.mockito.ResetMocksTestExecutionListener, org.springframework.test.context.web.ServletTestExecutionListener, org.springframework.test.context.support.DirtiesContextBeforeModesTestExecutionListener, org.springframework.test.context.event.ApplicationEventsTestExecutionListener, org.springframework.test.context.support.DependencyInjectionTestExecutionListener, org.springframework.test.context.support.DirtiesContextTestExecutionListener, org.springframework.test.context.transaction.TransactionalTestExecutionListener, org.springframework.test.context.jdbc.SqlScriptsTestExecutionListener, org.springframework.test.context.event.EventPublishingTestExecutionListener]
2022-10-27 17:50:55.655  INFO 22830 --- [    Test worker] .b.t.c.SpringBootTestContextBootstrapper : Using TestExecutionListeners: [org.springframework.test.context.web.ServletTestExecutionListener@4cc05172, org.springframework.test.context.support.DirtiesContextBeforeModesTestExecutionListener@e7f35e7, org.springframework.test.context.event.ApplicationEventsTestExecutionListener@377b724, org.springframework.boot.test.mock.mockito.MockitoTestExecutionListener@cc4b5d8, org.springframework.boot.test.autoconfigure.SpringBootDependencyInjectionTestExecutionListener@42413ef3, org.springframework.test.context.support.DirtiesContextTestExecutionListener@35e6fb51, org.springframework.test.context.transaction.TransactionalTestExecutionListener@b96b45e, org.springframework.test.context.jdbc.SqlScriptsTestExecutionListener@22d5aa81, org.springframework.security.test.context.support.WithSecurityContextTestExecutionListener@69a8be8e, org.springframework.test.context.event.EventPublishingTestExecutionListener@6b16ec99, org.springframework.security.test.context.support.ReactorContextTestExecutionListener@559c91e1, org.springframework.boot.test.autoconfigure.restdocs.RestDocsTestExecutionListener@5a92a871, org.springframework.boot.test.autoconfigure.web.client.MockRestServiceServerResetTestExecutionListener@76623163, org.springframework.boot.test.autoconfigure.web.servlet.MockMvcPrintOnlyOnFailureTestExecutionListener@2acc7912, org.springframework.boot.test.autoconfigure.web.servlet.WebDriverTestExecutionListener@1beef633, org.springframework.boot.test.autoconfigure.webservices.client.MockWebServiceServerTestExecutionListener@54f0041f, org.springframework.boot.test.mock.mockito.ResetMocksTestExecutionListener@33fedecb]
2022-10-27 17:50:55.665  INFO 22830 --- [    Test worker] c.b.account.service.CustomerServiceImpl  : Getting token
Hibernate: 
    select
        verificati0_.id as id1_4_,
        verificati0_.customer_id as customer4_4_,
        verificati0_.expiry_date as expiry_d2_4_,
        verificati0_.token as token3_4_ 
    from
        tokens verificati0_ 
    where
        verificati0_.token=?

MockHttpServletRequest:
      HTTP Method = POST
      Request URI = /api/verification
       Parameters = {token=[testToken]}
          Headers = []
             Body = <no character encoding set>
    Session Attrs = {}

Handler:
             Type = com.bank.account.controller.LoginAndRegistrationController
           Method = com.bank.account.controller.LoginAndRegistrationController#emailConfirmation(String)

Async:
    Async started = false
     Async result = null

Resolved Exception:
             Type = com.bank.account.exception.InvalidConfirmationTokenException

ModelAndView:
        View name = null
             View = null
            Model = null

FlashMap:
       Attributes = null

MockHttpServletResponse:
           Status = 406
    Error message = null
          Headers = [Content-Type:"application/json"]
     Content type = application/json
             Body = {"message":null,"httpStatus":"NOT_ACCEPTABLE","timestamp":"2022-10-27T17:50:55.675786583+02:00"}
    Forwarded URL = null
   Redirected URL = null
          Cookies = []
2022-10-27 17:50:55.701  INFO 22830 --- [    Test worker] c.b.account.service.CustomerServiceImpl  : Creating new customer
Hibernate: 
    select
        customer0_.customer_id as customer1_1_,
        customer0_.birth_date as birth_da2_1_,
        customer0_.email as email3_1_,
        customer0_.enabled as enabled4_1_,
        customer0_.for_name as for_name5_1_,
        customer0_.login_number as login_nu6_1_,
        customer0_.password as password7_1_,
        customer0_.sur_name as sur_name8_1_ 
    from
        customers customer0_ 
    where
        customer0_.login_number=?
2022-10-27 17:50:55.848  INFO 22830 --- [    Test worker] c.b.account.service.CustomerServiceImpl  : Creating new account
Hibernate: 
    insert 
    into
        accounts
        (account_creation_date, account_number, account_type, balance, currency, customer_customer_id, iban) 
    values
        (?, ?, ?, ?, ?, ?, ?)
Hibernate: 
    insert 
    into
        customers
        (birth_date, email, enabled, for_name, login_number, password, sur_name) 
    values
        (?, ?, ?, ?, ?, ?, ?)
Hibernate: 
    update
        accounts 
    set
        account_creation_date=?,
        account_number=?,
        account_type=?,
        balance=?,
        currency=?,
        customer_customer_id=?,
        iban=? 
    where
        account_id=?
2022-10-27 17:50:55.883  INFO 22830 --- [    Test worker] c.b.account.service.CustomerServiceImpl  : Finding customer in repository
Hibernate: 
    select
        customer0_.customer_id as customer1_1_,
        customer0_.birth_date as birth_da2_1_,
        customer0_.email as email3_1_,
        customer0_.enabled as enabled4_1_,
        customer0_.for_name as for_name5_1_,
        customer0_.login_number as login_nu6_1_,
        customer0_.password as password7_1_,
        customer0_.sur_name as sur_name8_1_ 
    from
        customers customer0_ 
    where
        customer0_.login_number=?
2022-10-27 17:50:55.886  INFO 22830 --- [    Test worker] c.b.account.service.CustomerServiceImpl  : Creating verification token
Hibernate: 
    insert 
    into
        tokens
        (customer_id, expiry_date, token) 
    values
        (?, ?, ?)

MockHttpServletRequest:
      HTTP Method = POST
      Request URI = /api/register
       Parameters = {}
          Headers = [Content-Type:"application/json", Content-Length:"100"]
             Body = <no character encoding set>
    Session Attrs = {}

Handler:
             Type = com.bank.account.controller.LoginAndRegistrationController
           Method = com.bank.account.controller.LoginAndRegistrationController#registerData(RegistrationRequestDto, HttpServletRequest)

Async:
    Async started = false
     Async result = null

Resolved Exception:
             Type = null

ModelAndView:
        View name = null
             View = null
            Model = null

FlashMap:
       Attributes = null

MockHttpServletResponse:
           Status = 202
    Error message = null
          Headers = [Content-Type:"application/json"]
     Content type = application/json
             Body = {"message":"Registration successful. Please confirm verification email and save your login number","loginNumber":69354,"httpStatus":"ACCEPTED","responseDate":"2022-10-27T17:51:16.913062307+02:00"}
    Forwarded URL = null
   Redirected URL = null
          Cookies = []
Hibernate: 
    select
        customer0_.customer_id as customer1_1_,
        customer0_.birth_date as birth_da2_1_,
        customer0_.email as email3_1_,
        customer0_.enabled as enabled4_1_,
        customer0_.for_name as for_name5_1_,
        customer0_.login_number as login_nu6_1_,
        customer0_.password as password7_1_,
        customer0_.sur_name as sur_name8_1_ 
    from
        customers customer0_ 
    where
        customer0_.login_number=?
2022-10-27 17:51:16.936  INFO 22830 --- [    Test worker] c.b.account.service.CustomerServiceImpl  : Login failed: loginNumber

MockHttpServletRequest:
      HTTP Method = POST
      Request URI = /api/login
       Parameters = {}
          Headers = [Content-Type:"application/json", Content-Length:"36"]
             Body = <no character encoding set>
    Session Attrs = {}

Handler:
             Type = com.bank.account.controller.LoginAndRegistrationController
           Method = com.bank.account.controller.LoginAndRegistrationController#loginData(LoginRequestDto)

Async:
    Async started = false
     Async result = null

Resolved Exception:
             Type = com.bank.account.exception.LoginErrorException

ModelAndView:
        View name = null
             View = null
            Model = null

FlashMap:
       Attributes = null

MockHttpServletResponse:
           Status = 404
    Error message = null
          Headers = [Content-Type:"application/json"]
     Content type = application/json
             Body = {"message":null,"httpStatus":"NOT_FOUND","timestamp":"2022-10-27T17:51:16.937032468+02:00"}
    Forwarded URL = null
   Redirected URL = null
          Cookies = []
]]></system-out>
  <system-err><![CDATA[]]></system-err>
</testsuite>
