<?xml version="1.0" encoding="UTF-8"?>
<testsuite name="com.bank.account.service.CustomerServiceImplTest" tests="3" skipped="0" failures="0" errors="0" timestamp="2022-10-04T05:21:10" hostname="peter-B250-FinTech" time="0.421">
  <properties/>
  <testcase name="createAndSaveNewCustomer()" classname="com.bank.account.service.CustomerServiceImplTest" time="0.356"/>
  <testcase name="getCustomerByLoginNumber()" classname="com.bank.account.service.CustomerServiceImplTest" time="0.026"/>
  <testcase name="authentication()" classname="com.bank.account.service.CustomerServiceImplTest" time="0.035"/>
  <system-out><![CDATA[07:21:04.530 [Test worker] DEBUG org.springframework.test.context.BootstrapUtils - Instantiating CacheAwareContextLoaderDelegate from class [org.springframework.test.context.cache.DefaultCacheAwareContextLoaderDelegate]
07:21:04.552 [Test worker] DEBUG org.springframework.test.context.BootstrapUtils - Instantiating BootstrapContext using constructor [public org.springframework.test.context.support.DefaultBootstrapContext(java.lang.Class,org.springframework.test.context.CacheAwareContextLoaderDelegate)]
07:21:04.622 [Test worker] DEBUG org.springframework.test.context.BootstrapUtils - Instantiating TestContextBootstrapper for test class [com.bank.account.service.CustomerServiceImplTest] from class [org.springframework.boot.test.context.SpringBootTestContextBootstrapper]
07:21:04.641 [Test worker] INFO org.springframework.boot.test.context.SpringBootTestContextBootstrapper - Neither @ContextConfiguration nor @ContextHierarchy found for test class [com.bank.account.service.CustomerServiceImplTest], using SpringBootContextLoader
07:21:04.651 [Test worker] DEBUG org.springframework.test.context.support.AbstractContextLoader - Did not detect default resource location for test class [com.bank.account.service.CustomerServiceImplTest]: class path resource [com/bank/account/service/CustomerServiceImplTest-context.xml] does not exist
07:21:04.652 [Test worker] DEBUG org.springframework.test.context.support.AbstractContextLoader - Did not detect default resource location for test class [com.bank.account.service.CustomerServiceImplTest]: class path resource [com/bank/account/service/CustomerServiceImplTestContext.groovy] does not exist
07:21:04.652 [Test worker] INFO org.springframework.test.context.support.AbstractContextLoader - Could not detect default resource locations for test class [com.bank.account.service.CustomerServiceImplTest]: no resource found for suffixes {-context.xml, Context.groovy}.
07:21:04.653 [Test worker] INFO org.springframework.test.context.support.AnnotationConfigContextLoaderUtils - Could not detect default configuration classes for test class [com.bank.account.service.CustomerServiceImplTest]: CustomerServiceImplTest does not declare any static, non-private, non-final, nested classes annotated with @Configuration.
07:21:04.732 [Test worker] DEBUG org.springframework.test.context.support.ActiveProfilesUtils - Could not find an 'annotation declaring class' for annotation type [org.springframework.test.context.ActiveProfiles] and class [com.bank.account.service.CustomerServiceImplTest]
07:21:04.818 [Test worker] DEBUG org.springframework.context.annotation.ClassPathScanningCandidateComponentProvider - Identified candidate component class: file [/home/peter/Documents/Greenfox/demo/Bank/build/classes/java/main/com/bank/account/BankApplication.class]
07:21:04.819 [Test worker] INFO org.springframework.boot.test.context.SpringBootTestContextBootstrapper - Found @SpringBootConfiguration com.bank.account.BankApplication for test class com.bank.account.service.CustomerServiceImplTest
07:21:04.933 [Test worker] DEBUG org.springframework.boot.test.context.SpringBootTestContextBootstrapper - @TestExecutionListeners is not present for class [com.bank.account.service.CustomerServiceImplTest]: using defaults.
07:21:04.934 [Test worker] INFO org.springframework.boot.test.context.SpringBootTestContextBootstrapper - Loaded default TestExecutionListener class names from location [META-INF/spring.factories]: [org.springframework.security.test.context.support.WithSecurityContextTestExecutionListener, org.springframework.security.test.context.support.ReactorContextTestExecutionListener, org.springframework.boot.test.autoconfigure.restdocs.RestDocsTestExecutionListener, org.springframework.boot.test.autoconfigure.web.client.MockRestServiceServerResetTestExecutionListener, org.springframework.boot.test.autoconfigure.web.servlet.MockMvcPrintOnlyOnFailureTestExecutionListener, org.springframework.boot.test.autoconfigure.web.servlet.WebDriverTestExecutionListener, org.springframework.boot.test.autoconfigure.webservices.client.MockWebServiceServerTestExecutionListener, org.springframework.boot.test.mock.mockito.MockitoTestExecutionListener, org.springframework.boot.test.mock.mockito.ResetMocksTestExecutionListener, org.springframework.test.context.web.ServletTestExecutionListener, org.springframework.test.context.support.DirtiesContextBeforeModesTestExecutionListener, org.springframework.test.context.event.ApplicationEventsTestExecutionListener, org.springframework.test.context.support.DependencyInjectionTestExecutionListener, org.springframework.test.context.support.DirtiesContextTestExecutionListener, org.springframework.test.context.transaction.TransactionalTestExecutionListener, org.springframework.test.context.jdbc.SqlScriptsTestExecutionListener, org.springframework.test.context.event.EventPublishingTestExecutionListener]
07:21:04.959 [Test worker] INFO org.springframework.boot.test.context.SpringBootTestContextBootstrapper - Using TestExecutionListeners: [org.springframework.test.context.web.ServletTestExecutionListener@32cb636e, org.springframework.test.context.support.DirtiesContextBeforeModesTestExecutionListener@63cd604c, org.springframework.test.context.event.ApplicationEventsTestExecutionListener@40dd3977, org.springframework.boot.test.mock.mockito.MockitoTestExecutionListener@3a4e343, org.springframework.boot.test.autoconfigure.SpringBootDependencyInjectionTestExecutionListener@6a1d204a, org.springframework.test.context.support.DirtiesContextTestExecutionListener@62dae245, org.springframework.test.context.transaction.TransactionalTestExecutionListener@4b6579e8, org.springframework.test.context.jdbc.SqlScriptsTestExecutionListener@6fff253c, org.springframework.security.test.context.support.WithSecurityContextTestExecutionListener@6c6357f9, org.springframework.test.context.event.EventPublishingTestExecutionListener@591e58fa, org.springframework.security.test.context.support.ReactorContextTestExecutionListener@3954d008, org.springframework.boot.test.autoconfigure.restdocs.RestDocsTestExecutionListener@2f94c4db, org.springframework.boot.test.autoconfigure.web.client.MockRestServiceServerResetTestExecutionListener@593e824f, org.springframework.boot.test.autoconfigure.web.servlet.MockMvcPrintOnlyOnFailureTestExecutionListener@72ccd81a, org.springframework.boot.test.autoconfigure.web.servlet.WebDriverTestExecutionListener@6d8792db, org.springframework.boot.test.autoconfigure.webservices.client.MockWebServiceServerTestExecutionListener@64bc21ac, org.springframework.boot.test.mock.mockito.ResetMocksTestExecutionListener@493dfb8e]
07:21:04.963 [Test worker] DEBUG org.springframework.test.context.support.AbstractDirtiesContextTestExecutionListener - Before test class: context [DefaultTestContext@5af28b27 testClass = CustomerServiceImplTest, testInstance = [null], testMethod = [null], testException = [null], mergedContextConfiguration = [WebMergedContextConfiguration@71104a4 testClass = CustomerServiceImplTest, locations = '{}', classes = '{class com.bank.account.BankApplication}', contextInitializerClasses = '[]', activeProfiles = '{}', propertySourceLocations = '{}', propertySourceProperties = '{org.springframework.boot.test.context.SpringBootTestContextBootstrapper=true}', contextCustomizers = set[org.springframework.boot.test.autoconfigure.actuate.metrics.MetricsExportContextCustomizerFactory$DisableMetricExportContextCustomizer@16414e40, org.springframework.boot.test.autoconfigure.properties.PropertyMappingContextCustomizer@4b3fa0b3, org.springframework.boot.test.autoconfigure.web.servlet.WebDriverContextCustomizerFactory$Customizer@149dd36b, [ImportsContextCustomizer@4985cbcb key = [org.springframework.boot.test.autoconfigure.web.servlet.MockMvcAutoConfiguration, org.springframework.boot.test.autoconfigure.web.servlet.MockMvcWebClientAutoConfiguration, org.springframework.boot.test.autoconfigure.web.servlet.MockMvcWebDriverAutoConfiguration, org.springframework.boot.autoconfigure.security.oauth2.client.servlet.OAuth2ClientAutoConfiguration, org.springframework.boot.autoconfigure.security.oauth2.resource.servlet.OAuth2ResourceServerAutoConfiguration, org.springframework.boot.autoconfigure.security.servlet.SecurityAutoConfiguration, org.springframework.boot.autoconfigure.security.servlet.SecurityFilterAutoConfiguration, org.springframework.boot.autoconfigure.security.servlet.UserDetailsServiceAutoConfiguration, org.springframework.boot.test.autoconfigure.web.servlet.MockMvcSecurityConfiguration, org.springframework.boot.test.autoconfigure.web.reactive.WebTestClientAutoConfiguration]], org.springframework.boot.test.context.filter.ExcludeFilterContextCustomizer@6127a7e, org.springframework.boot.test.json.DuplicateJsonObjectContextCustomizerFactory$DuplicateJsonObjectContextCustomizer@79d94571, org.springframework.boot.test.mock.mockito.MockitoContextCustomizer@0, org.springframework.boot.test.web.client.TestRestTemplateContextCustomizer@1c32386d, org.springframework.boot.test.context.SpringBootTestArgs@1, org.springframework.boot.test.context.SpringBootTestWebEnvironment@2053d869], resourceBasePath = 'src/main/webapp', contextLoader = 'org.springframework.boot.test.context.SpringBootContextLoader', parent = [null]], attributes = map['org.springframework.test.context.web.ServletTestExecutionListener.activateListener' -> true]], class annotated with @DirtiesContext [false] with mode [null].

  .   ____          _            __ _ _
 /\\ / ___'_ __ _ _(_)_ __  __ _ \ \ \ \
( ( )\___ | '_ | '_| | '_ \/ _` | \ \ \ \
 \\/  ___)| |_)| | | | | || (_| |  ) ) ) )
  '  |____| .__|_| |_|_| |_\__, | / / / /
 =========|_|==============|___/=/_/_/_/
 :: Spring Boot ::                (v2.7.4)

2022-10-04 07:21:05.383  INFO 5171 --- [    Test worker] c.b.a.service.CustomerServiceImplTest    : Starting CustomerServiceImplTest using Java 16.0.2 on peter-B250-FinTech with PID 5171 (started by peter in /home/peter/Documents/Greenfox/demo/Bank)
2022-10-04 07:21:05.384  INFO 5171 --- [    Test worker] c.b.a.service.CustomerServiceImplTest    : No active profile set, falling back to 1 default profile: "default"
2022-10-04 07:21:06.173  INFO 5171 --- [    Test worker] .s.d.r.c.RepositoryConfigurationDelegate : Bootstrapping Spring Data JPA repositories in DEFAULT mode.
2022-10-04 07:21:06.234  INFO 5171 --- [    Test worker] .s.d.r.c.RepositoryConfigurationDelegate : Finished Spring Data repository scanning in 48 ms. Found 3 JPA repository interfaces.
2022-10-04 07:21:06.917  INFO 5171 --- [    Test worker] o.hibernate.jpa.internal.util.LogHelper  : HHH000204: Processing PersistenceUnitInfo [name: default]
2022-10-04 07:21:07.010  INFO 5171 --- [    Test worker] org.hibernate.Version                    : HHH000412: Hibernate ORM core version 5.6.11.Final
2022-10-04 07:21:07.242  INFO 5171 --- [    Test worker] o.hibernate.annotations.common.Version   : HCANN000001: Hibernate Commons Annotations {5.1.2.Final}
2022-10-04 07:21:07.368  INFO 5171 --- [    Test worker] com.zaxxer.hikari.HikariDataSource       : HikariPool-1 - Starting...
2022-10-04 07:21:07.731  INFO 5171 --- [    Test worker] com.zaxxer.hikari.HikariDataSource       : HikariPool-1 - Start completed.
2022-10-04 07:21:07.757  INFO 5171 --- [    Test worker] org.hibernate.dialect.Dialect            : HHH000400: Using dialect: org.hibernate.dialect.MySQL5Dialect
Hibernate: 
    
    drop table if exists accounts
Hibernate: 
    
    drop table if exists customers
Hibernate: 
    
    drop table if exists customers_roles
Hibernate: 
    
    drop table if exists role
Hibernate: 
    
    create table accounts (
       account_id bigint not null auto_increment,
        account_number bigint,
        balance double precision,
        iban varchar(255),
        customer_customer_id bigint,
        primary key (account_id)
    ) engine=MyISAM
Hibernate: 
    
    create table customers (
       customer_id bigint not null auto_increment,
        birth_date varchar(255),
        for_name varchar(255),
        login_number integer not null,
        password varchar(255),
        sur_name varchar(255),
        primary key (customer_id)
    ) engine=MyISAM
Hibernate: 
    
    create table customers_roles (
       customer_customer_id bigint not null,
        roles_id bigint not null
    ) engine=MyISAM
Hibernate: 
    
    create table role (
       id bigint not null auto_increment,
        name varchar(255),
        primary key (id)
    ) engine=MyISAM
Hibernate: 
    
    alter table accounts 
       add constraint FKd2vlt62plfqba3jd50p42nl4a 
       foreign key (customer_customer_id) 
       references customers (customer_id)
Hibernate: 
    
    alter table customers_roles 
       add constraint FKq3hebn770xm5byf2cjxqquk41 
       foreign key (roles_id) 
       references role (id)
Hibernate: 
    
    alter table customers_roles 
       add constraint FKqvpl2jiigja69mgajyhwe562a 
       foreign key (customer_customer_id) 
       references customers (customer_id)
2022-10-04 07:21:08.685  INFO 5171 --- [    Test worker] o.h.e.t.j.p.i.JtaPlatformInitiator       : HHH000490: Using JtaPlatform implementation: [org.hibernate.engine.transaction.jta.platform.internal.NoJtaPlatform]
2022-10-04 07:21:08.695  INFO 5171 --- [    Test worker] j.LocalContainerEntityManagerFactoryBean : Initialized JPA EntityManagerFactory for persistence unit 'default'
2022-10-04 07:21:09.388  INFO 5171 --- [    Test worker] o.s.s.web.DefaultSecurityFilterChain     : Will secure any request with [org.springframework.security.web.session.DisableEncodeUrlFilter@e581302, org.springframework.security.web.context.request.async.WebAsyncManagerIntegrationFilter@2b5ca574, org.springframework.security.web.context.SecurityContextPersistenceFilter@3a89226e, org.springframework.security.web.header.HeaderWriterFilter@7d432bc0, org.springframework.security.web.csrf.CsrfFilter@3677c508, org.springframework.security.web.authentication.logout.LogoutFilter@78c5ef58, com.bank.account.security.CustomAuthorizationFilter@21d6dc81, org.springframework.security.web.savedrequest.RequestCacheAwareFilter@3a5b1af7, org.springframework.security.web.servletapi.SecurityContextHolderAwareRequestFilter@24b4f4a, org.springframework.security.web.authentication.AnonymousAuthenticationFilter@3891b430, org.springframework.security.web.session.SessionManagementFilter@2f7d8a7c, org.springframework.security.web.access.ExceptionTranslationFilter@59263f7b]
2022-10-04 07:21:09.396  WARN 5171 --- [    Test worker] o.s.s.c.a.web.builders.WebSecurity       : You are asking Spring Security to ignore Ant [pattern='/api/login/**']. This is not recommended -- please use permitAll via HttpSecurity#authorizeHttpRequests instead.
2022-10-04 07:21:09.396  INFO 5171 --- [    Test worker] o.s.s.web.DefaultSecurityFilterChain     : Will not secure Ant [pattern='/api/login/**']
2022-10-04 07:21:09.396  WARN 5171 --- [    Test worker] o.s.s.c.a.web.builders.WebSecurity       : You are asking Spring Security to ignore Ant [pattern='/api/register/**']. This is not recommended -- please use permitAll via HttpSecurity#authorizeHttpRequests instead.
2022-10-04 07:21:09.396  INFO 5171 --- [    Test worker] o.s.s.web.DefaultSecurityFilterChain     : Will not secure Ant [pattern='/api/register/**']
2022-10-04 07:21:09.592  WARN 5171 --- [    Test worker] JpaBaseConfiguration$JpaWebConfiguration : spring.jpa.open-in-view is enabled by default. Therefore, database queries may be performed during view rendering. Explicitly configure spring.jpa.open-in-view to disable this warning
2022-10-04 07:21:10.055  INFO 5171 --- [    Test worker] o.s.b.t.m.w.SpringBootMockServletContext : Initializing Spring TestDispatcherServlet ''
2022-10-04 07:21:10.055  INFO 5171 --- [    Test worker] o.s.t.web.servlet.TestDispatcherServlet  : Initializing Servlet ''
2022-10-04 07:21:10.056  INFO 5171 --- [    Test worker] o.s.t.web.servlet.TestDispatcherServlet  : Completed initialization in 1 ms
2022-10-04 07:21:10.072  INFO 5171 --- [    Test worker] c.b.a.service.CustomerServiceImplTest    : Started CustomerServiceImplTest in 5.064 seconds (JVM running for 6.543)
Hibernate: 
    insert 
    into
        role
        (name) 
    values
        (?)
Hibernate: 
    insert 
    into
        role
        (name) 
    values
        (?)
2022-10-04 07:21:10.176  INFO 5171 --- [    Test worker] o.s.t.c.transaction.TransactionContext   : Began transaction (1) for test context [DefaultTestContext@5af28b27 testClass = CustomerServiceImplTest, testInstance = com.bank.account.service.CustomerServiceImplTest@665c79a2, testMethod = createAndSaveNewCustomer@CustomerServiceImplTest, testException = [null], mergedContextConfiguration = [WebMergedContextConfiguration@71104a4 testClass = CustomerServiceImplTest, locations = '{}', classes = '{class com.bank.account.BankApplication}', contextInitializerClasses = '[]', activeProfiles = '{}', propertySourceLocations = '{}', propertySourceProperties = '{org.springframework.boot.test.context.SpringBootTestContextBootstrapper=true}', contextCustomizers = set[org.springframework.boot.test.autoconfigure.actuate.metrics.MetricsExportContextCustomizerFactory$DisableMetricExportContextCustomizer@16414e40, org.springframework.boot.test.autoconfigure.properties.PropertyMappingContextCustomizer@4b3fa0b3, org.springframework.boot.test.autoconfigure.web.servlet.WebDriverContextCustomizerFactory$Customizer@149dd36b, [ImportsContextCustomizer@4985cbcb key = [org.springframework.boot.test.autoconfigure.web.servlet.MockMvcAutoConfiguration, org.springframework.boot.test.autoconfigure.web.servlet.MockMvcWebClientAutoConfiguration, org.springframework.boot.test.autoconfigure.web.servlet.MockMvcWebDriverAutoConfiguration, org.springframework.boot.autoconfigure.security.oauth2.client.servlet.OAuth2ClientAutoConfiguration, org.springframework.boot.autoconfigure.security.oauth2.resource.servlet.OAuth2ResourceServerAutoConfiguration, org.springframework.boot.autoconfigure.security.servlet.SecurityAutoConfiguration, org.springframework.boot.autoconfigure.security.servlet.SecurityFilterAutoConfiguration, org.springframework.boot.autoconfigure.security.servlet.UserDetailsServiceAutoConfiguration, org.springframework.boot.test.autoconfigure.web.servlet.MockMvcSecurityConfiguration, org.springframework.boot.test.autoconfigure.web.reactive.WebTestClientAutoConfiguration]], org.springframework.boot.test.context.filter.ExcludeFilterContextCustomizer@6127a7e, org.springframework.boot.test.json.DuplicateJsonObjectContextCustomizerFactory$DuplicateJsonObjectContextCustomizer@79d94571, org.springframework.boot.test.mock.mockito.MockitoContextCustomizer@0, org.springframework.boot.test.web.client.TestRestTemplateContextCustomizer@1c32386d, org.springframework.boot.test.context.SpringBootTestArgs@1, org.springframework.boot.test.context.SpringBootTestWebEnvironment@2053d869], resourceBasePath = 'src/main/webapp', contextLoader = 'org.springframework.boot.test.context.SpringBootContextLoader', parent = [null]], attributes = map['org.springframework.test.context.web.ServletTestExecutionListener.activateListener' -> true, 'org.springframework.test.context.web.ServletTestExecutionListener.populatedRequestContextHolder' -> true, 'org.springframework.test.context.web.ServletTestExecutionListener.resetRequestContextHolder' -> true, 'org.springframework.test.context.event.ApplicationEventsTestExecutionListener.recordApplicationEvents' -> false]]; transaction manager [org.springframework.orm.jpa.JpaTransactionManager@4ed74d03]; rollback [true]
Hibernate: 
    insert 
    into
        customers
        (birth_date, for_name, login_number, password, sur_name) 
    values
        (?, ?, ?, ?, ?)
Hibernate: 
    select
        customer0_.customer_id as customer1_1_,
        customer0_.birth_date as birth_da2_1_,
        customer0_.for_name as for_name3_1_,
        customer0_.login_number as login_nu4_1_,
        customer0_.password as password5_1_,
        customer0_.sur_name as sur_name6_1_ 
    from
        customers customer0_
2022-10-04 07:21:10.520  INFO 5171 --- [    Test worker] o.s.t.c.transaction.TransactionContext   : Rolled back transaction for test: [DefaultTestContext@5af28b27 testClass = CustomerServiceImplTest, testInstance = com.bank.account.service.CustomerServiceImplTest@665c79a2, testMethod = createAndSaveNewCustomer@CustomerServiceImplTest, testException = [null], mergedContextConfiguration = [WebMergedContextConfiguration@71104a4 testClass = CustomerServiceImplTest, locations = '{}', classes = '{class com.bank.account.BankApplication}', contextInitializerClasses = '[]', activeProfiles = '{}', propertySourceLocations = '{}', propertySourceProperties = '{org.springframework.boot.test.context.SpringBootTestContextBootstrapper=true}', contextCustomizers = set[org.springframework.boot.test.autoconfigure.actuate.metrics.MetricsExportContextCustomizerFactory$DisableMetricExportContextCustomizer@16414e40, org.springframework.boot.test.autoconfigure.properties.PropertyMappingContextCustomizer@4b3fa0b3, org.springframework.boot.test.autoconfigure.web.servlet.WebDriverContextCustomizerFactory$Customizer@149dd36b, [ImportsContextCustomizer@4985cbcb key = [org.springframework.boot.test.autoconfigure.web.servlet.MockMvcAutoConfiguration, org.springframework.boot.test.autoconfigure.web.servlet.MockMvcWebClientAutoConfiguration, org.springframework.boot.test.autoconfigure.web.servlet.MockMvcWebDriverAutoConfiguration, org.springframework.boot.autoconfigure.security.oauth2.client.servlet.OAuth2ClientAutoConfiguration, org.springframework.boot.autoconfigure.security.oauth2.resource.servlet.OAuth2ResourceServerAutoConfiguration, org.springframework.boot.autoconfigure.security.servlet.SecurityAutoConfiguration, org.springframework.boot.autoconfigure.security.servlet.SecurityFilterAutoConfiguration, org.springframework.boot.autoconfigure.security.servlet.UserDetailsServiceAutoConfiguration, org.springframework.boot.test.autoconfigure.web.servlet.MockMvcSecurityConfiguration, org.springframework.boot.test.autoconfigure.web.reactive.WebTestClientAutoConfiguration]], org.springframework.boot.test.context.filter.ExcludeFilterContextCustomizer@6127a7e, org.springframework.boot.test.json.DuplicateJsonObjectContextCustomizerFactory$DuplicateJsonObjectContextCustomizer@79d94571, org.springframework.boot.test.mock.mockito.MockitoContextCustomizer@0, org.springframework.boot.test.web.client.TestRestTemplateContextCustomizer@1c32386d, org.springframework.boot.test.context.SpringBootTestArgs@1, org.springframework.boot.test.context.SpringBootTestWebEnvironment@2053d869], resourceBasePath = 'src/main/webapp', contextLoader = 'org.springframework.boot.test.context.SpringBootContextLoader', parent = [null]], attributes = map['org.springframework.test.context.web.ServletTestExecutionListener.activateListener' -> true, 'org.springframework.test.context.web.ServletTestExecutionListener.populatedRequestContextHolder' -> true, 'org.springframework.test.context.web.ServletTestExecutionListener.resetRequestContextHolder' -> true, 'org.springframework.test.context.event.ApplicationEventsTestExecutionListener.recordApplicationEvents' -> false]]
2022-10-04 07:21:10.529  INFO 5171 --- [    Test worker] o.s.t.c.transaction.TransactionContext   : Began transaction (1) for test context [DefaultTestContext@5af28b27 testClass = CustomerServiceImplTest, testInstance = com.bank.account.service.CustomerServiceImplTest@359b4846, testMethod = getCustomerByLoginNumber@CustomerServiceImplTest, testException = [null], mergedContextConfiguration = [WebMergedContextConfiguration@71104a4 testClass = CustomerServiceImplTest, locations = '{}', classes = '{class com.bank.account.BankApplication}', contextInitializerClasses = '[]', activeProfiles = '{}', propertySourceLocations = '{}', propertySourceProperties = '{org.springframework.boot.test.context.SpringBootTestContextBootstrapper=true}', contextCustomizers = set[org.springframework.boot.test.autoconfigure.actuate.metrics.MetricsExportContextCustomizerFactory$DisableMetricExportContextCustomizer@16414e40, org.springframework.boot.test.autoconfigure.properties.PropertyMappingContextCustomizer@4b3fa0b3, org.springframework.boot.test.autoconfigure.web.servlet.WebDriverContextCustomizerFactory$Customizer@149dd36b, [ImportsContextCustomizer@4985cbcb key = [org.springframework.boot.test.autoconfigure.web.servlet.MockMvcAutoConfiguration, org.springframework.boot.test.autoconfigure.web.servlet.MockMvcWebClientAutoConfiguration, org.springframework.boot.test.autoconfigure.web.servlet.MockMvcWebDriverAutoConfiguration, org.springframework.boot.autoconfigure.security.oauth2.client.servlet.OAuth2ClientAutoConfiguration, org.springframework.boot.autoconfigure.security.oauth2.resource.servlet.OAuth2ResourceServerAutoConfiguration, org.springframework.boot.autoconfigure.security.servlet.SecurityAutoConfiguration, org.springframework.boot.autoconfigure.security.servlet.SecurityFilterAutoConfiguration, org.springframework.boot.autoconfigure.security.servlet.UserDetailsServiceAutoConfiguration, org.springframework.boot.test.autoconfigure.web.servlet.MockMvcSecurityConfiguration, org.springframework.boot.test.autoconfigure.web.reactive.WebTestClientAutoConfiguration]], org.springframework.boot.test.context.filter.ExcludeFilterContextCustomizer@6127a7e, org.springframework.boot.test.json.DuplicateJsonObjectContextCustomizerFactory$DuplicateJsonObjectContextCustomizer@79d94571, org.springframework.boot.test.mock.mockito.MockitoContextCustomizer@0, org.springframework.boot.test.web.client.TestRestTemplateContextCustomizer@1c32386d, org.springframework.boot.test.context.SpringBootTestArgs@1, org.springframework.boot.test.context.SpringBootTestWebEnvironment@2053d869], resourceBasePath = 'src/main/webapp', contextLoader = 'org.springframework.boot.test.context.SpringBootContextLoader', parent = [null]], attributes = map['org.springframework.test.context.web.ServletTestExecutionListener.activateListener' -> true, 'org.springframework.test.context.web.ServletTestExecutionListener.populatedRequestContextHolder' -> true, 'org.springframework.test.context.web.ServletTestExecutionListener.resetRequestContextHolder' -> true, 'org.springframework.test.context.event.ApplicationEventsTestExecutionListener.recordApplicationEvents' -> false]]; transaction manager [org.springframework.orm.jpa.JpaTransactionManager@4ed74d03]; rollback [true]
Hibernate: 
    insert 
    into
        customers
        (birth_date, for_name, login_number, password, sur_name) 
    values
        (?, ?, ?, ?, ?)
Hibernate: 
    select
        customer0_.customer_id as customer1_1_,
        customer0_.birth_date as birth_da2_1_,
        customer0_.for_name as for_name3_1_,
        customer0_.login_number as login_nu4_1_,
        customer0_.password as password5_1_,
        customer0_.sur_name as sur_name6_1_ 
    from
        customers customer0_ 
    where
        customer0_.login_number=?
2022-10-04 07:21:10.553  INFO 5171 --- [    Test worker] o.s.t.c.transaction.TransactionContext   : Rolled back transaction for test: [DefaultTestContext@5af28b27 testClass = CustomerServiceImplTest, testInstance = com.bank.account.service.CustomerServiceImplTest@359b4846, testMethod = getCustomerByLoginNumber@CustomerServiceImplTest, testException = [null], mergedContextConfiguration = [WebMergedContextConfiguration@71104a4 testClass = CustomerServiceImplTest, locations = '{}', classes = '{class com.bank.account.BankApplication}', contextInitializerClasses = '[]', activeProfiles = '{}', propertySourceLocations = '{}', propertySourceProperties = '{org.springframework.boot.test.context.SpringBootTestContextBootstrapper=true}', contextCustomizers = set[org.springframework.boot.test.autoconfigure.actuate.metrics.MetricsExportContextCustomizerFactory$DisableMetricExportContextCustomizer@16414e40, org.springframework.boot.test.autoconfigure.properties.PropertyMappingContextCustomizer@4b3fa0b3, org.springframework.boot.test.autoconfigure.web.servlet.WebDriverContextCustomizerFactory$Customizer@149dd36b, [ImportsContextCustomizer@4985cbcb key = [org.springframework.boot.test.autoconfigure.web.servlet.MockMvcAutoConfiguration, org.springframework.boot.test.autoconfigure.web.servlet.MockMvcWebClientAutoConfiguration, org.springframework.boot.test.autoconfigure.web.servlet.MockMvcWebDriverAutoConfiguration, org.springframework.boot.autoconfigure.security.oauth2.client.servlet.OAuth2ClientAutoConfiguration, org.springframework.boot.autoconfigure.security.oauth2.resource.servlet.OAuth2ResourceServerAutoConfiguration, org.springframework.boot.autoconfigure.security.servlet.SecurityAutoConfiguration, org.springframework.boot.autoconfigure.security.servlet.SecurityFilterAutoConfiguration, org.springframework.boot.autoconfigure.security.servlet.UserDetailsServiceAutoConfiguration, org.springframework.boot.test.autoconfigure.web.servlet.MockMvcSecurityConfiguration, org.springframework.boot.test.autoconfigure.web.reactive.WebTestClientAutoConfiguration]], org.springframework.boot.test.context.filter.ExcludeFilterContextCustomizer@6127a7e, org.springframework.boot.test.json.DuplicateJsonObjectContextCustomizerFactory$DuplicateJsonObjectContextCustomizer@79d94571, org.springframework.boot.test.mock.mockito.MockitoContextCustomizer@0, org.springframework.boot.test.web.client.TestRestTemplateContextCustomizer@1c32386d, org.springframework.boot.test.context.SpringBootTestArgs@1, org.springframework.boot.test.context.SpringBootTestWebEnvironment@2053d869], resourceBasePath = 'src/main/webapp', contextLoader = 'org.springframework.boot.test.context.SpringBootContextLoader', parent = [null]], attributes = map['org.springframework.test.context.web.ServletTestExecutionListener.activateListener' -> true, 'org.springframework.test.context.web.ServletTestExecutionListener.populatedRequestContextHolder' -> true, 'org.springframework.test.context.web.ServletTestExecutionListener.resetRequestContextHolder' -> true, 'org.springframework.test.context.event.ApplicationEventsTestExecutionListener.recordApplicationEvents' -> false]]
2022-10-04 07:21:10.557  INFO 5171 --- [    Test worker] o.s.t.c.transaction.TransactionContext   : Began transaction (1) for test context [DefaultTestContext@5af28b27 testClass = CustomerServiceImplTest, testInstance = com.bank.account.service.CustomerServiceImplTest@64657b13, testMethod = authentication@CustomerServiceImplTest, testException = [null], mergedContextConfiguration = [WebMergedContextConfiguration@71104a4 testClass = CustomerServiceImplTest, locations = '{}', classes = '{class com.bank.account.BankApplication}', contextInitializerClasses = '[]', activeProfiles = '{}', propertySourceLocations = '{}', propertySourceProperties = '{org.springframework.boot.test.context.SpringBootTestContextBootstrapper=true}', contextCustomizers = set[org.springframework.boot.test.autoconfigure.actuate.metrics.MetricsExportContextCustomizerFactory$DisableMetricExportContextCustomizer@16414e40, org.springframework.boot.test.autoconfigure.properties.PropertyMappingContextCustomizer@4b3fa0b3, org.springframework.boot.test.autoconfigure.web.servlet.WebDriverContextCustomizerFactory$Customizer@149dd36b, [ImportsContextCustomizer@4985cbcb key = [org.springframework.boot.test.autoconfigure.web.servlet.MockMvcAutoConfiguration, org.springframework.boot.test.autoconfigure.web.servlet.MockMvcWebClientAutoConfiguration, org.springframework.boot.test.autoconfigure.web.servlet.MockMvcWebDriverAutoConfiguration, org.springframework.boot.autoconfigure.security.oauth2.client.servlet.OAuth2ClientAutoConfiguration, org.springframework.boot.autoconfigure.security.oauth2.resource.servlet.OAuth2ResourceServerAutoConfiguration, org.springframework.boot.autoconfigure.security.servlet.SecurityAutoConfiguration, org.springframework.boot.autoconfigure.security.servlet.SecurityFilterAutoConfiguration, org.springframework.boot.autoconfigure.security.servlet.UserDetailsServiceAutoConfiguration, org.springframework.boot.test.autoconfigure.web.servlet.MockMvcSecurityConfiguration, org.springframework.boot.test.autoconfigure.web.reactive.WebTestClientAutoConfiguration]], org.springframework.boot.test.context.filter.ExcludeFilterContextCustomizer@6127a7e, org.springframework.boot.test.json.DuplicateJsonObjectContextCustomizerFactory$DuplicateJsonObjectContextCustomizer@79d94571, org.springframework.boot.test.mock.mockito.MockitoContextCustomizer@0, org.springframework.boot.test.web.client.TestRestTemplateContextCustomizer@1c32386d, org.springframework.boot.test.context.SpringBootTestArgs@1, org.springframework.boot.test.context.SpringBootTestWebEnvironment@2053d869], resourceBasePath = 'src/main/webapp', contextLoader = 'org.springframework.boot.test.context.SpringBootContextLoader', parent = [null]], attributes = map['org.springframework.test.context.web.ServletTestExecutionListener.activateListener' -> true, 'org.springframework.test.context.web.ServletTestExecutionListener.populatedRequestContextHolder' -> true, 'org.springframework.test.context.web.ServletTestExecutionListener.resetRequestContextHolder' -> true, 'org.springframework.test.context.event.ApplicationEventsTestExecutionListener.recordApplicationEvents' -> false]]; transaction manager [org.springframework.orm.jpa.JpaTransactionManager@4ed74d03]; rollback [true]
Hibernate: 
    insert 
    into
        customers
        (birth_date, for_name, login_number, password, sur_name) 
    values
        (?, ?, ?, ?, ?)
Hibernate: 
    select
        customer0_.customer_id as customer1_1_,
        customer0_.birth_date as birth_da2_1_,
        customer0_.for_name as for_name3_1_,
        customer0_.login_number as login_nu4_1_,
        customer0_.password as password5_1_,
        customer0_.sur_name as sur_name6_1_ 
    from
        customers customer0_ 
    where
        customer0_.login_number=?
Hibernate: 
    select
        customer0_.customer_id as customer1_1_,
        customer0_.birth_date as birth_da2_1_,
        customer0_.for_name as for_name3_1_,
        customer0_.login_number as login_nu4_1_,
        customer0_.password as password5_1_,
        customer0_.sur_name as sur_name6_1_ 
    from
        customers customer0_ 
    where
        customer0_.login_number=?
2022-10-04 07:21:10.582  INFO 5171 --- [    Test worker] c.b.account.service.CustomerServiceImpl  : Login failed: password
2022-10-04 07:21:10.589  INFO 5171 --- [    Test worker] o.s.t.c.transaction.TransactionContext   : Rolled back transaction for test: [DefaultTestContext@5af28b27 testClass = CustomerServiceImplTest, testInstance = com.bank.account.service.CustomerServiceImplTest@64657b13, testMethod = authentication@CustomerServiceImplTest, testException = [null], mergedContextConfiguration = [WebMergedContextConfiguration@71104a4 testClass = CustomerServiceImplTest, locations = '{}', classes = '{class com.bank.account.BankApplication}', contextInitializerClasses = '[]', activeProfiles = '{}', propertySourceLocations = '{}', propertySourceProperties = '{org.springframework.boot.test.context.SpringBootTestContextBootstrapper=true}', contextCustomizers = set[org.springframework.boot.test.autoconfigure.actuate.metrics.MetricsExportContextCustomizerFactory$DisableMetricExportContextCustomizer@16414e40, org.springframework.boot.test.autoconfigure.properties.PropertyMappingContextCustomizer@4b3fa0b3, org.springframework.boot.test.autoconfigure.web.servlet.WebDriverContextCustomizerFactory$Customizer@149dd36b, [ImportsContextCustomizer@4985cbcb key = [org.springframework.boot.test.autoconfigure.web.servlet.MockMvcAutoConfiguration, org.springframework.boot.test.autoconfigure.web.servlet.MockMvcWebClientAutoConfiguration, org.springframework.boot.test.autoconfigure.web.servlet.MockMvcWebDriverAutoConfiguration, org.springframework.boot.autoconfigure.security.oauth2.client.servlet.OAuth2ClientAutoConfiguration, org.springframework.boot.autoconfigure.security.oauth2.resource.servlet.OAuth2ResourceServerAutoConfiguration, org.springframework.boot.autoconfigure.security.servlet.SecurityAutoConfiguration, org.springframework.boot.autoconfigure.security.servlet.SecurityFilterAutoConfiguration, org.springframework.boot.autoconfigure.security.servlet.UserDetailsServiceAutoConfiguration, org.springframework.boot.test.autoconfigure.web.servlet.MockMvcSecurityConfiguration, org.springframework.boot.test.autoconfigure.web.reactive.WebTestClientAutoConfiguration]], org.springframework.boot.test.context.filter.ExcludeFilterContextCustomizer@6127a7e, org.springframework.boot.test.json.DuplicateJsonObjectContextCustomizerFactory$DuplicateJsonObjectContextCustomizer@79d94571, org.springframework.boot.test.mock.mockito.MockitoContextCustomizer@0, org.springframework.boot.test.web.client.TestRestTemplateContextCustomizer@1c32386d, org.springframework.boot.test.context.SpringBootTestArgs@1, org.springframework.boot.test.context.SpringBootTestWebEnvironment@2053d869], resourceBasePath = 'src/main/webapp', contextLoader = 'org.springframework.boot.test.context.SpringBootContextLoader', parent = [null]], attributes = map['org.springframework.test.context.web.ServletTestExecutionListener.activateListener' -> true, 'org.springframework.test.context.web.ServletTestExecutionListener.populatedRequestContextHolder' -> true, 'org.springframework.test.context.web.ServletTestExecutionListener.resetRequestContextHolder' -> true, 'org.springframework.test.context.event.ApplicationEventsTestExecutionListener.recordApplicationEvents' -> false]]
]]></system-out>
  <system-err><![CDATA[[2022.10.04 07:21:05] (Coverage): Error during class instrumentation: org.springframework.boot.logging.log4j2.Log4J2LoggingSystem: java.lang.RuntimeException: java.io.IOException: Class org/apache/logging/log4j/core/config/composite/CompositeConfiguration not found
[2022.10.04 07:21:09] (Coverage): Error during class instrumentation: org.springframework.security.config.annotation.authentication.configurers.ldap.LdapAuthenticationProviderConfigurer: java.lang.RuntimeException: java.io.IOException: Class org/springframework/security/ldap/authentication/PasswordComparisonAuthenticator not found
[2022.10.04 07:21:09] (Coverage): Error during class instrumentation: org.springframework.security.config.annotation.web.configurers.oauth2.client.OAuth2LoginConfigurer: java.lang.RuntimeException: java.io.IOException: Class org/springframework/security/oauth2/client/endpoint/DefaultAuthorizationCodeTokenResponseClient not found
]]></system-err>
</testsuite>
