<?xml version="1.0" encoding="UTF-8"?>
<testsuite name="com.bank.account.security.CustomAuthorizationFilterTest" tests="1" skipped="0" failures="0" errors="0" timestamp="2022-11-26T13:12:32" hostname="peter-B250-FinTech" time="0.727">
  <properties/>
  <testcase name="custom_filter_test()" classname="com.bank.account.security.CustomAuthorizationFilterTest" time="0.727"/>
  <system-out><![CDATA[2022-11-26 14:12:32.488  INFO 31660 --- [    Test worker] .b.t.c.SpringBootTestContextBootstrapper : Neither @ContextConfiguration nor @ContextHierarchy found for test class [com.bank.account.security.CustomAuthorizationFilterTest], using SpringBootContextLoader
2022-11-26 14:12:32.489  INFO 31660 --- [    Test worker] o.s.t.c.support.AbstractContextLoader    : Could not detect default resource locations for test class [com.bank.account.security.CustomAuthorizationFilterTest]: no resource found for suffixes {-context.xml, Context.groovy}.
2022-11-26 14:12:32.489  INFO 31660 --- [    Test worker] t.c.s.AnnotationConfigContextLoaderUtils : Could not detect default configuration classes for test class [com.bank.account.security.CustomAuthorizationFilterTest]: CustomAuthorizationFilterTest does not declare any static, non-private, non-final, nested classes annotated with @Configuration.
2022-11-26 14:12:32.492  INFO 31660 --- [    Test worker] .b.t.c.SpringBootTestContextBootstrapper : Found @SpringBootConfiguration com.bank.account.BankApplication for test class com.bank.account.security.CustomAuthorizationFilterTest
2022-11-26 14:12:32.492  INFO 31660 --- [    Test worker] .b.t.c.SpringBootTestContextBootstrapper : Loaded default TestExecutionListener class names from location [META-INF/spring.factories]: [org.springframework.security.test.context.support.WithSecurityContextTestExecutionListener, org.springframework.security.test.context.support.ReactorContextTestExecutionListener, org.springframework.boot.test.autoconfigure.restdocs.RestDocsTestExecutionListener, org.springframework.boot.test.autoconfigure.web.client.MockRestServiceServerResetTestExecutionListener, org.springframework.boot.test.autoconfigure.web.servlet.MockMvcPrintOnlyOnFailureTestExecutionListener, org.springframework.boot.test.autoconfigure.web.servlet.WebDriverTestExecutionListener, org.springframework.boot.test.autoconfigure.webservices.client.MockWebServiceServerTestExecutionListener, org.springframework.boot.test.mock.mockito.MockitoTestExecutionListener, org.springframework.boot.test.mock.mockito.ResetMocksTestExecutionListener, org.springframework.test.context.web.ServletTestExecutionListener, org.springframework.test.context.support.DirtiesContextBeforeModesTestExecutionListener, org.springframework.test.context.event.ApplicationEventsTestExecutionListener, org.springframework.test.context.support.DependencyInjectionTestExecutionListener, org.springframework.test.context.support.DirtiesContextTestExecutionListener, org.springframework.test.context.transaction.TransactionalTestExecutionListener, org.springframework.test.context.jdbc.SqlScriptsTestExecutionListener, org.springframework.test.context.event.EventPublishingTestExecutionListener]
2022-11-26 14:12:32.493  INFO 31660 --- [    Test worker] .b.t.c.SpringBootTestContextBootstrapper : Using TestExecutionListeners: [org.springframework.test.context.web.ServletTestExecutionListener@1c7bb01d, org.springframework.test.context.support.DirtiesContextBeforeModesTestExecutionListener@1d3c21e1, org.springframework.test.context.event.ApplicationEventsTestExecutionListener@687849c4, org.springframework.boot.test.mock.mockito.MockitoTestExecutionListener@20027b1e, org.springframework.boot.test.autoconfigure.SpringBootDependencyInjectionTestExecutionListener@6138dc5b, org.springframework.test.context.support.DirtiesContextTestExecutionListener@1df7dab4, org.springframework.test.context.transaction.TransactionalTestExecutionListener@37eb86a7, org.springframework.test.context.jdbc.SqlScriptsTestExecutionListener@402d1cf, org.springframework.security.test.context.support.WithSecurityContextTestExecutionListener@23ff0f10, org.springframework.test.context.event.EventPublishingTestExecutionListener@7e53a1, org.springframework.security.test.context.support.ReactorContextTestExecutionListener@6bcb23b7, org.springframework.boot.test.autoconfigure.restdocs.RestDocsTestExecutionListener@79551ba8, org.springframework.boot.test.autoconfigure.web.client.MockRestServiceServerResetTestExecutionListener@22090c1d, org.springframework.boot.test.autoconfigure.web.servlet.MockMvcPrintOnlyOnFailureTestExecutionListener@5098b0a6, org.springframework.boot.test.autoconfigure.web.servlet.WebDriverTestExecutionListener@62fcf799, org.springframework.boot.test.autoconfigure.webservices.client.MockWebServiceServerTestExecutionListener@33253835, org.springframework.boot.test.mock.mockito.ResetMocksTestExecutionListener@5926a3a8]
2022-11-26 14:12:32.497  INFO 31660 --- [    Test worker] j.LocalContainerEntityManagerFactoryBean : Closing JPA EntityManagerFactory for persistence unit 'default'
2022-11-26 14:12:32.498  INFO 31660 --- [    Test worker] com.zaxxer.hikari.HikariDataSource       : HikariPool-1 - Shutdown initiated...
2022-11-26 14:12:32.498  INFO 31660 --- [    Test worker] com.zaxxer.hikari.HikariDataSource       : HikariPool-1 - Shutdown completed.

  .   ____          _            __ _ _
 /\\ / ___'_ __ _ _(_)_ __  __ _ \ \ \ \
( ( )\___ | '_ | '_| | '_ \/ _` | \ \ \ \
 \\/  ___)| |_)| | | | | || (_| |  ) ) ) )
  '  |____| .__|_| |_|_| |_\__, | / / / /
 =========|_|==============|___/=/_/_/_/
 :: Spring Boot ::                (v2.7.4)

2022-11-26 14:12:32.514  INFO 31660 --- [    Test worker] c.b.a.s.CustomAuthorizationFilterTest    : Starting CustomAuthorizationFilterTest using Java 16.0.2 on peter-B250-FinTech with PID 31660 (started by peter in /home/peter/Documents/bank_account_project)
2022-11-26 14:12:32.515  INFO 31660 --- [    Test worker] c.b.a.s.CustomAuthorizationFilterTest    : No active profile set, falling back to 1 default profile: "default"
2022-11-26 14:12:32.595  INFO 31660 --- [    Test worker] .s.d.r.c.RepositoryConfigurationDelegate : Bootstrapping Spring Data JPA repositories in DEFAULT mode.
2022-11-26 14:12:32.603  INFO 31660 --- [    Test worker] .s.d.r.c.RepositoryConfigurationDelegate : Finished Spring Data repository scanning in 7 ms. Found 5 JPA repository interfaces.
2022-11-26 14:12:32.675  INFO 31660 --- [    Test worker] com.zaxxer.hikari.HikariDataSource       : HikariPool-7 - Starting...
2022-11-26 14:12:32.676  INFO 31660 --- [    Test worker] com.zaxxer.hikari.HikariDataSource       : HikariPool-7 - Start completed.
2022-11-26 14:12:32.676  INFO 31660 --- [    Test worker] o.f.c.i.database.base.BaseDatabaseType   : Database: jdbc:h2:mem:web (H2 2.1)
2022-11-26 14:12:32.678  INFO 31660 --- [    Test worker] o.f.core.internal.command.DbClean        : Successfully dropped pre-schema database level objects (execution time 00:00.000s)
2022-11-26 14:12:32.681  INFO 31660 --- [    Test worker] o.f.core.internal.command.DbClean        : Successfully cleaned schema "PUBLIC" (execution time 00:00.001s)
2022-11-26 14:12:32.681  INFO 31660 --- [    Test worker] o.f.core.internal.command.DbClean        : Successfully cleaned schema "PUBLIC" (execution time 00:00.000s)
2022-11-26 14:12:32.681  INFO 31660 --- [    Test worker] o.f.core.internal.command.DbClean        : Successfully dropped post-schema database level objects (execution time 00:00.000s)
2022-11-26 14:12:32.684  INFO 31660 --- [    Test worker] o.f.c.i.s.JdbcTableSchemaHistory         : Repair of failed migration in Schema History table "PUBLIC"."flyway_schema_history" not necessary as table doesn't exist.
2022-11-26 14:12:32.686  INFO 31660 --- [    Test worker] o.f.core.internal.command.DbRepair       : Successfully repaired schema history table "PUBLIC"."flyway_schema_history" (execution time 00:00.002s).
2022-11-26 14:12:32.690  INFO 31660 --- [    Test worker] o.f.core.internal.command.DbValidate     : Successfully validated 8 migrations (execution time 00:00.001s)
2022-11-26 14:12:32.690  INFO 31660 --- [    Test worker] o.f.c.i.s.JdbcTableSchemaHistory         : Creating Schema History table "PUBLIC"."flyway_schema_history" ...
2022-11-26 14:12:32.693  INFO 31660 --- [    Test worker] o.f.core.internal.command.DbMigrate      : Current version of schema "PUBLIC": << Empty Schema >>
2022-11-26 14:12:32.694  INFO 31660 --- [    Test worker] o.f.core.internal.command.DbMigrate      : Migrating schema "PUBLIC" to version "0 - create table accounts"
2022-11-26 14:12:32.696  INFO 31660 --- [    Test worker] o.f.core.internal.command.DbMigrate      : Migrating schema "PUBLIC" to version "1 - create table customers"
2022-11-26 14:12:32.698  INFO 31660 --- [    Test worker] o.f.core.internal.command.DbMigrate      : Migrating schema "PUBLIC" to version "2 - create table cusromers roles"
2022-11-26 14:12:32.701  INFO 31660 --- [    Test worker] o.f.core.internal.command.DbMigrate      : Migrating schema "PUBLIC" to version "3 - create table role"
2022-11-26 14:12:32.704  INFO 31660 --- [    Test worker] o.f.core.internal.command.DbMigrate      : Migrating schema "PUBLIC" to version "4 - create table transactions"
2022-11-26 14:12:32.706  INFO 31660 --- [    Test worker] o.f.core.internal.command.DbMigrate      : Migrating schema "PUBLIC" to version "5 - insert into role table"
2022-11-26 14:12:32.709  INFO 31660 --- [    Test worker] o.f.core.internal.command.DbMigrate      : Migrating schema "PUBLIC" to version "6 - create table tokens"
2022-11-26 14:12:32.711  INFO 31660 --- [    Test worker] o.f.core.internal.command.DbMigrate      : Migrating schema "PUBLIC" to version "7 - create table customers transactions"
2022-11-26 14:12:32.713  INFO 31660 --- [    Test worker] o.f.core.internal.command.DbMigrate      : Successfully applied 8 migrations to schema "PUBLIC", now at version v7 (execution time 00:00.020s)
2022-11-26 14:12:32.728  INFO 31660 --- [    Test worker] o.hibernate.jpa.internal.util.LogHelper  : HHH000204: Processing PersistenceUnitInfo [name: default]
2022-11-26 14:12:32.731  INFO 31660 --- [    Test worker] org.hibernate.dialect.Dialect            : HHH000400: Using dialect: org.hibernate.dialect.H2Dialect
2022-11-26 14:12:32.770  INFO 31660 --- [    Test worker] o.h.e.t.j.p.i.JtaPlatformInitiator       : HHH000490: Using JtaPlatform implementation: [org.hibernate.engine.transaction.jta.platform.internal.NoJtaPlatform]
2022-11-26 14:12:32.770  INFO 31660 --- [    Test worker] j.LocalContainerEntityManagerFactoryBean : Initialized JPA EntityManagerFactory for persistence unit 'default'
2022-11-26 14:12:32.896  INFO 31660 --- [    Test worker] o.s.s.web.DefaultSecurityFilterChain     : Will secure any request with [org.springframework.security.web.session.DisableEncodeUrlFilter@d272d22, org.springframework.security.web.context.request.async.WebAsyncManagerIntegrationFilter@1b189d2c, org.springframework.security.web.context.SecurityContextPersistenceFilter@3b95e8fb, org.springframework.security.web.header.HeaderWriterFilter@4856c210, org.springframework.security.web.authentication.logout.LogoutFilter@25b45f33, com.bank.account.security.CustomAuthorizationFilter@3f90a912, org.springframework.security.web.savedrequest.RequestCacheAwareFilter@8d41dea, org.springframework.security.web.servletapi.SecurityContextHolderAwareRequestFilter@766c18a2, org.springframework.security.web.authentication.AnonymousAuthenticationFilter@385a2414, org.springframework.security.web.session.SessionManagementFilter@3b3f9cdd, org.springframework.security.web.access.ExceptionTranslationFilter@1fb598e3]
2022-11-26 14:12:32.899  WARN 31660 --- [    Test worker] o.s.s.c.a.web.builders.WebSecurity       : You are asking Spring Security to ignore Ant [pattern='/api/login/**']. This is not recommended -- please use permitAll via HttpSecurity#authorizeHttpRequests instead.
2022-11-26 14:12:32.899  INFO 31660 --- [    Test worker] o.s.s.web.DefaultSecurityFilterChain     : Will not secure Ant [pattern='/api/login/**']
2022-11-26 14:12:32.899  WARN 31660 --- [    Test worker] o.s.s.c.a.web.builders.WebSecurity       : You are asking Spring Security to ignore Ant [pattern='/api/register/**']. This is not recommended -- please use permitAll via HttpSecurity#authorizeHttpRequests instead.
2022-11-26 14:12:32.899  INFO 31660 --- [    Test worker] o.s.s.web.DefaultSecurityFilterChain     : Will not secure Ant [pattern='/api/register/**']
2022-11-26 14:12:32.899  WARN 31660 --- [    Test worker] o.s.s.c.a.web.builders.WebSecurity       : You are asking Spring Security to ignore Ant [pattern='/api/information/**']. This is not recommended -- please use permitAll via HttpSecurity#authorizeHttpRequests instead.
2022-11-26 14:12:32.899  INFO 31660 --- [    Test worker] o.s.s.web.DefaultSecurityFilterChain     : Will not secure Ant [pattern='/api/information/**']
2022-11-26 14:12:32.899  WARN 31660 --- [    Test worker] o.s.s.c.a.web.builders.WebSecurity       : You are asking Spring Security to ignore Ant [pattern='/api/verification/**']. This is not recommended -- please use permitAll via HttpSecurity#authorizeHttpRequests instead.
2022-11-26 14:12:32.899  INFO 31660 --- [    Test worker] o.s.s.web.DefaultSecurityFilterChain     : Will not secure Ant [pattern='/api/verification/**']
2022-11-26 14:12:32.899  WARN 31660 --- [    Test worker] o.s.s.c.a.web.builders.WebSecurity       : You are asking Spring Security to ignore Ant [pattern='/resources/**']. This is not recommended -- please use permitAll via HttpSecurity#authorizeHttpRequests instead.
2022-11-26 14:12:32.899  INFO 31660 --- [    Test worker] o.s.s.web.DefaultSecurityFilterChain     : Will not secure Ant [pattern='/resources/**']
2022-11-26 14:12:32.899  WARN 31660 --- [    Test worker] o.s.s.c.a.web.builders.WebSecurity       : You are asking Spring Security to ignore Ant [pattern='/*']. This is not recommended -- please use permitAll via HttpSecurity#authorizeHttpRequests instead.
2022-11-26 14:12:32.899  INFO 31660 --- [    Test worker] o.s.s.web.DefaultSecurityFilterChain     : Will not secure Ant [pattern='/*']
2022-11-26 14:12:32.935  WARN 31660 --- [    Test worker] JpaBaseConfiguration$JpaWebConfiguration : spring.jpa.open-in-view is enabled by default. Therefore, database queries may be performed during view rendering. Explicitly configure spring.jpa.open-in-view to disable this warning
2022-11-26 14:12:32.980  INFO 31660 --- [    Test worker] o.s.b.a.h2.H2ConsoleAutoConfiguration    : H2 console available at '/h2-console'. Database available at 'jdbc:h2:mem:web'
2022-11-26 14:12:33.093  INFO 31660 --- [    Test worker] c.b.a.s.CustomAuthorizationFilterTest    : Started CustomAuthorizationFilterTest in 0.593 seconds (JVM running for 33.583)
2022-11-26 14:12:33.099  INFO 31660 --- [    Test worker] c.b.account.service.CustomerServiceImpl  : Saving customer
2022-11-26 14:12:33.102  INFO 31660 --- [    Test worker] c.b.account.service.CustomerServiceImpl  : Loading customer
2022-11-26 14:12:33.106  INFO 31660 --- [    Test worker] c.b.account.service.CustomerServiceImpl  : Creating JWT
]]></system-out>
  <system-err><![CDATA[]]></system-err>
</testsuite>
