<?xml version="1.0" encoding="UTF-8"?>
<testsuite name="com.bank.account.advice.CustomerExceptionHandlerTest" tests="3" skipped="0" failures="0" errors="0" timestamp="2022-10-27T15:50:41" hostname="peter-B250-FinTech" time="0.021">
  <properties/>
  <testcase name="handleInvalidConfirmationTokenException()" classname="com.bank.account.advice.CustomerExceptionHandlerTest" time="0.007"/>
  <testcase name="handleRegistrationException()" classname="com.bank.account.advice.CustomerExceptionHandlerTest" time="0.005"/>
  <testcase name="handleLoginException()" classname="com.bank.account.advice.CustomerExceptionHandlerTest" time="0.005"/>
  <system-out><![CDATA[2022-10-27 17:50:41.471  INFO 22830 --- [    Test worker] .b.t.c.SpringBootTestContextBootstrapper : Neither @ContextConfiguration nor @ContextHierarchy found for test class [com.bank.account.advice.CustomerExceptionHandlerTest], using SpringBootContextLoader
2022-10-27 17:50:41.473  INFO 22830 --- [    Test worker] o.s.t.c.support.AbstractContextLoader    : Could not detect default resource locations for test class [com.bank.account.advice.CustomerExceptionHandlerTest]: no resource found for suffixes {-context.xml, Context.groovy}.
2022-10-27 17:50:41.473  INFO 22830 --- [    Test worker] t.c.s.AnnotationConfigContextLoaderUtils : Could not detect default configuration classes for test class [com.bank.account.advice.CustomerExceptionHandlerTest]: CustomerExceptionHandlerTest does not declare any static, non-private, non-final, nested classes annotated with @Configuration.
2022-10-27 17:50:41.477  INFO 22830 --- [    Test worker] .b.t.c.SpringBootTestContextBootstrapper : Found @SpringBootConfiguration com.bank.account.BankApplication for test class com.bank.account.advice.CustomerExceptionHandlerTest
2022-10-27 17:50:41.480  INFO 22830 --- [    Test worker] .b.t.c.SpringBootTestContextBootstrapper : Loaded default TestExecutionListener class names from location [META-INF/spring.factories]: [org.springframework.security.test.context.support.WithSecurityContextTestExecutionListener, org.springframework.security.test.context.support.ReactorContextTestExecutionListener, org.springframework.boot.test.autoconfigure.restdocs.RestDocsTestExecutionListener, org.springframework.boot.test.autoconfigure.web.client.MockRestServiceServerResetTestExecutionListener, org.springframework.boot.test.autoconfigure.web.servlet.MockMvcPrintOnlyOnFailureTestExecutionListener, org.springframework.boot.test.autoconfigure.web.servlet.WebDriverTestExecutionListener, org.springframework.boot.test.autoconfigure.webservices.client.MockWebServiceServerTestExecutionListener, org.springframework.boot.test.mock.mockito.MockitoTestExecutionListener, org.springframework.boot.test.mock.mockito.ResetMocksTestExecutionListener, org.springframework.test.context.web.ServletTestExecutionListener, org.springframework.test.context.support.DirtiesContextBeforeModesTestExecutionListener, org.springframework.test.context.event.ApplicationEventsTestExecutionListener, org.springframework.test.context.support.DependencyInjectionTestExecutionListener, org.springframework.test.context.support.DirtiesContextTestExecutionListener, org.springframework.test.context.transaction.TransactionalTestExecutionListener, org.springframework.test.context.jdbc.SqlScriptsTestExecutionListener, org.springframework.test.context.event.EventPublishingTestExecutionListener]
2022-10-27 17:50:41.481  INFO 22830 --- [    Test worker] .b.t.c.SpringBootTestContextBootstrapper : Using TestExecutionListeners: [org.springframework.test.context.web.ServletTestExecutionListener@3869fa37, org.springframework.test.context.support.DirtiesContextBeforeModesTestExecutionListener@681395b, org.springframework.test.context.event.ApplicationEventsTestExecutionListener@3b381829, org.springframework.boot.test.mock.mockito.MockitoTestExecutionListener@5d7adc2c, org.springframework.boot.test.autoconfigure.SpringBootDependencyInjectionTestExecutionListener@2ab53df6, org.springframework.test.context.support.DirtiesContextTestExecutionListener@2571821a, org.springframework.test.context.transaction.TransactionalTestExecutionListener@5e732fcd, org.springframework.test.context.jdbc.SqlScriptsTestExecutionListener@55e31393, org.springframework.security.test.context.support.WithSecurityContextTestExecutionListener@56bade54, org.springframework.test.context.event.EventPublishingTestExecutionListener@7f72f7cb, org.springframework.security.test.context.support.ReactorContextTestExecutionListener@3838b2af, org.springframework.boot.test.autoconfigure.restdocs.RestDocsTestExecutionListener@758a41b0, org.springframework.boot.test.autoconfigure.web.client.MockRestServiceServerResetTestExecutionListener@75c2692b, org.springframework.boot.test.autoconfigure.web.servlet.MockMvcPrintOnlyOnFailureTestExecutionListener@1de614f7, org.springframework.boot.test.autoconfigure.web.servlet.WebDriverTestExecutionListener@60b6702e, org.springframework.boot.test.autoconfigure.webservices.client.MockWebServiceServerTestExecutionListener@47962a49, org.springframework.boot.test.mock.mockito.ResetMocksTestExecutionListener@21fb98a1]
]]></system-out>
  <system-err><![CDATA[]]></system-err>
</testsuite>
